{"numFailedTestSuites":2,"numFailedTests":3,"numPassedTestSuites":6,"numPassedTests":22,"numPendingTestSuites":0,"numPendingTests":0,"numRuntimeErrorTestSuites":1,"numTodoTests":0,"numTotalTestSuites":8,"numTotalTests":25,"openHandles":[],"snapshot":{"added":0,"didUpdate":false,"failure":false,"filesAdded":0,"filesRemoved":0,"filesRemovedList":[],"filesUnmatched":0,"filesUpdated":0,"matched":0,"total":0,"unchecked":0,"uncheckedKeysByFile":[],"unmatched":0,"updated":0},"startTime":1779044414613,"success":false,"testResults":[{"assertionResults":[{"ancestorTitles":["Advanced WebRTC and Encryption Layer Integration Test Suite"],"duration":1635,"failing":false,"failureDetails":[{"name":"TestingLibraryElementError"}],"failureMessages":["Error: Unable to find an element with the text: Bob (You). This could be because the text is broken up by multiple elements. In this case, you can provide a function for your text matcher to make your matcher more flexible.\n\nIgnored nodes: comments, script, style\n\u001b[36m<body>\u001b[39m\n  \u001b[36m<div>\u001b[39m\n    \u001b[36m<div\u001b[39m\n      \u001b[33mclass\u001b[39m=\u001b[32m\"min-h-screen flex flex-col items-center justify-center p-4 relative overflow-hidden\"\u001b[39m\n    \u001b[36m>\u001b[39m\n      \u001b[36m<div\u001b[39m\n        \u001b[33mclass\u001b[39m=\u001b[32m\"absolute top-1/4 left-1/4 w-96 h-96 bg-primary/20 rounded-full mix-blend-multiply filter blur-3xl opacity-70 animate-blob\"\u001b[39m\n      \u001b[36m/>\u001b[39m\n      \u001b[36m<div\u001b[39m\n        \u001b[33mclass\u001b[39m=\u001b[32m\"absolute top-1/3 right-1/4 w-96 h-96 bg-accent/20 rounded-full mix-blend-multiply filter blur-3xl opacity-70 animate-blob\"\u001b[39m\n        \u001b[33mstyle\u001b[39m=\u001b[32m\"animation-delay: 2s;\"\u001b[39m\n      \u001b[36m/>\u001b[39m\n      \u001b[36m<div\u001b[39m\n        \u001b[33mclass\u001b[39m=\u001b[32m\"relative z-10 w-full max-w-3xl glass rounded-3xl p-8 shadow-2xl border border-border/50 grid grid-cols-1 md:grid-cols-2 gap-8 items-center\"\u001b[39m\n      \u001b[36m>\u001b[39m\n        \u001b[36m<div\u001b[39m\n          \u001b[33mclass\u001b[39m=\u001b[32m\"flex flex-col items-center space-y-4\"\u001b[39m\n        \u001b[36m>\u001b[39m\n          \u001b[36m<div\u001b[39m\n            \u001b[33mclass\u001b[39m=\u001b[32m\"relative w-full aspect-video bg-black/40 rounded-2xl overflow-hidden border border-border/60 shadow-inner flex items-center justify-center\"\u001b[39m\n          \u001b[36m>\u001b[39m\n            \u001b[36m<div\u001b[39m\n              \u001b[33mclass\u001b[39m=\u001b[32m\"text-muted-foreground flex flex-col items-center space-y-2\"\u001b[39m\n            \u001b[36m>\u001b[39m\n              \u001b[36m<div\u001b[39m\n                \u001b[33mclass\u001b[39m=\u001b[32m\"w-16 h-16 bg-muted rounded-full flex items-center justify-center\"\u001b[39m\n              \u001b[36m>\u001b[39m\n                \u001b[36m<svg\u001b[39m\n                  \u001b[33mfill\u001b[39m=\u001b[32m\"none\"\u001b[39m\n                  \u001b[33mheight\u001b[39m=\u001b[32m\"28\"\u001b[39m\n                  \u001b[33mstroke\u001b[39m=\u001b[32m\"currentColor\"\u001b[39m\n                  \u001b[33mstroke-linecap\u001b[39m=\u001b[32m\"round\"\u001b[39m\n                  \u001b[33mstroke-linejoin\u001b[39m=\u001b[32m\"round\"\u001b[39m\n                  \u001b[33mstroke-width\u001b[39m=\u001b[32m\"2\"\u001b[39m\n                  \u001b[33mviewBox\u001b[39m=\u001b[32m\"0 0 24 24\"\u001b[39m\n                  \u001b[33mwidth\u001b[39m=\u001b[32m\"28\"\u001b[39m\n                  \u001b[33mxmlns\u001b[39m=\u001b[32m\"http://www.w3.org/2000/svg\"\u001b[39m\n                \u001b[36m>\u001b[39m\n                  \u001b[36m<path\u001b[39m\n                    \u001b[33md\u001b[39m=\u001b[32m\"M16 16v1a2 2 0 0 1-2 2H3a2 2 0 0 1-2-2V7a2 2 0 0 1 2-2h2m5.66 0H14a2 2 0 0 1 2 2v3.34l1 1L23 7v10\"\u001b[39m\n                  \u001b[36m/>\u001b[39m\n                  \u001b[36m<line\u001b[39m\n                    \u001b[33mx1\u001b[39m=\u001b[32m\"1\"\u001b[39m\n                    \u001b[33mx2\u001b[39m=\u001b[32m\"23\"\u001b[39m\n                    \u001b[33my1\u001b[39m=\u001b[32m\"1\"\u001b[39m\n                    \u001b[33my2\u001b[39m=\u001b[32m\"23\"\u001b[39m\n                  \u001b[36m/>\u001b[39m\n                \u001b[36m</svg>\u001b[39m\n              \u001b[36m</div>\u001b[39m\n              \u001b[36m<span\u001b[39m\n                \u001b[33mclass\u001b[39m=\u001b[32m\"text-sm\"\u001b[39m\n              \u001b[36m>\u001b[39m\n                \u001b[0mCamera is off\u001b[0m\n              \u001b[36m</span>\u001b[39m\n            \u001b[36m</div>\u001b[39m\n            \u001b[36m<div\u001b[39m\n              \u001b[33mclass\u001b[39m=\u001b[32m\"absolute bottom-4 left-1/2 -translate-x-1/2 flex items-center space-x-3 bg-black/60 backdrop-blur-md px-4 py-2 rounded-full border border-white/10\"\u001b[39m\n            \u001b[36m>\u001b[39m\n              \u001b[36m<button\u001b[39m\n                \u001b[33mclass\u001b[39m=\u001b[32m\"p-3 rounded-full transition-all duration-300 bg-primary text-primary-foreground\"\u001b[39m\n                \u001b[33mtype\u001b[39m=\u001b[32m\"button\"\u001b[39m\n              \u001b[36m>\u001b[39m\n                \u001b[36m<svg\u001b[39m\n                  \u001b[33mfill\u001b[39m=\u001b[32m\"none\"\u001b[39m\n                  \u001b[33mheight\u001b[39m=\u001b[32m\"18\"\u001b[39m\n                  \u001b[33mstroke\u001b[39m=\u001b[32m\"currentColor\"\u001b[39m\n                  \u001b[33mstroke-linecap\u001b[39m=\u001b[32m\"round\"\u001b[39m\n                  \u001b[33mstroke-linejoin\u001b[39m=\u001b[32m\"round\"\u001b[39m\n                  \u001b[33mstroke-width\u001b[39m=\u001b[32m\"2\"\u001b[39m\n                  \u001b[33mviewBox\u001b[39m=\u001b[32m\"0 0 24 24\"\u001b[39m\n                  \u001b[33mwidth\u001b[39m=\u001b[32m\"18\"\u001b[39m\n                  \u001b[33mxmlns\u001b[39m=\u001b[32m\"http://www.w3.org/2000/svg\"\u001b[39m\n                \u001b[36m>\u001b[39m\n                  \u001b[36m<path\u001b[39m\n                    \u001b[33md\u001b[39m=\u001b[32m\"M12 1a3 3 0 0 0-3 3v8a3 3 0 0 0 6 0V4a3 3 0 0 0-3-3z\"\u001b[39m\n                  \u001b[36m/>\u001b[39m\n                  \u001b[36m<path\u001b[39m\n                    \u001b[33md\u001b[39m=\u001b[32m\"M19 10v2a7 7 0 0 1-14 0v-2\"\u001b[39m\n                  \u001b[36m/>\u001b[39m\n                  \u001b[36m<line\u001b[39m\n                    \u001b[33mx1\u001b[39m=\u001b[32m\"12\"\u001b[39m\n                    \u001b[33mx2\u001b[39m=\u001b[32m\"12\"\u001b[39m\n                    \u001b[33my1\u001b[39m=\u001b[32m\"19\"\u001b[39m\n                    \u001b[33my2\u001b[39m=\u001b[32m\"23\"\u001b[39m\n                  \u001b[36m/>\u001b[39m\n                  \u001b[36m<line\u001b[39m\n                    \u001b[33mx1\u001b[39m=\u001b[32m\"8\"\u001b[39m\n                    \u001b[33mx2\u001b[39m=\u001b[32m\"16\"\u001b[39m\n                    \u001b[33my1\u001b[39m=\u001b[32m\"23\"\u001b[39m\n                    \u001b[33my2\u001b[39m=\u001b[32m\"23\"\u001b[39m\n                  \u001b[36m/>\u001b[39m\n                \u001b[36m</svg>\u001b[39m\n              \u001b[36m</button>\u001b[39m\n              \u001b[36m<button\u001b[39m\n                \u001b[33mclass\u001b[39m=\u001b[32m\"p-3 rounded-full transition-all duration-300 bg-primary text-primary-foreground\"\u001b[39m\n                \u001b[33mtype\u001b[39m=\u001b[32m\"button\"\u001b[39m\n              \u001b[36m>\u001b[39m\n                \u001b[36m<svg\u001b[39m\n                  \u001b[33mfill\u001b[39m=\u001b[32m\"none\"\u001b[39m\n                  \u001b[33mheight\u001b[39m=\u001b[32m\"18\"\u001b[39m\n                  \u001b[33mstroke\u001b[39m=\u001b[32m\"currentColor\"\u001b[39m\n                  \u001b[33mstroke-linecap\u001b[39m=\u001b[32m\"round\"\u001b[39m\n                  \u001b[33mstroke-linejoin\u001b[39m=\u001b[32m\"round\"\u001b[39m\n                  \u001b[33mstroke-width\u001b[39m=\u001b[32m\"2\"\u001b[39m\n                  \u001b[33mviewBox\u001b[39m=\u001b[32m\"0 0 24 24\"\u001b[39m\n                  \u001b[33mwidth\u001b[39m=\u001b[32m\"18\"\u001b[39m\n                  \u001b[33mxmlns\u001b[39m=\u001b[32m\"http://www.w3.org/2000/svg\"\u001b[39m\n                \u001b[36m>\u001b[39m\n                  \u001b[36m<polygon\u001b[39m\n                    \u001b[33mpoints\u001b[39m=\u001b[32m\"23 7 16 12 23 17 23 7\"\u001b[39m\n                  \u001b[36m/>\u001b[39m\n                  \u001b[36m<rect\u001b[39m\n                    \u001b[33mheight\u001b[39m=\u001b[32m\"14\"\u001b[39m\n                    \u001b[33mrx\u001b[39m=\u001b[32m\"2\"\u001b[39m\n                    \u001b[33mry\u001b[39m=\u001b[32m\"2\"\u001b[39m\n                    \u001b[33mwidth\u001b[39m=\u001b[32m\"15\"\u001b[39m\n                    \u001b[33mx\u001b[39m=\u001b[32m\"1\"\u001b[39m\n                    \u001b[33my\u001b[39m=\u001b[32m\"5\"\u001b[39m\n                  \u001b[36m/>\u001b[39m\n                \u001b[36m</svg>\u001b[39m\n              \u001b[36m</button>\u001b[39m\n            \u001b[36m</div>\u001b[39m\n          \u001b[36m</div>\u001b[39m\n        \u001b[36m</div>\u001b[39m\n        \u001b[36m<div\u001b[39m\n          \u001b[33mclass\u001b[39m=\u001b[32m\"space-y-6\"\u001b[39m\n        \u001b[36m>\u001b[39m\n          \u001b[36m<div>\u001b[39m\n            \u001b[36m<span\u001b[39m\n              \u001b[33mclass\u001b[39m=\u001b[32m\"text-xs font-semibold tracking-wider text-primary uppercase\"\u001b[39m\n            \u001b[36m>\u001b[39m\n              \u001b[0mJoining Meeting\u001b[0m\n            \u001b[36m</span>\u001b[39m\n            \u001b[36m<h2\u001b[39m\n              \u001b[33mclass\u001b[39m=\u001b[32m\"text-3xl font-extrabold tracking-tight mt-1\"\u001b[39m\n            \u001b[36m>\u001b[39m\n              \u001b[0mLocked Operational Channel\u001b[0m\n            \u001b[36m</h2>\u001b[39m\n            \u001b[36m<p\u001b[39m\n              \u001b[33mclass\u001b[39m=\u001b[32m\"text-sm text-muted-foreground mt-2\"\u001b[39m\n            \u001b[36m>\u001b[39m\n              \u001b[0mPrepare your name and check your device settings before entering the room.\u001b[0m\n            \u001b[36m</p>\u001b[39m\n          \u001b[36m</div>\u001b[39m\n          \u001b[36m<form\u001b[39m\n            \u001b[33mclass\u001b[39m=\u001b[32m\"space-y-4\"\u001b[39m\n          \u001b[36m>\u001b[39m\n            \u001b[36m<div>\u001b[39m\n              \u001b[36m<label\u001b[39m\n                \u001b[33mclass\u001b[39m=\u001b[32m\"block text-xs font-semibold text-muted-foreground uppercase mb-2\"\u001b[39m\n                \u001b[33mfor\u001b[39m=\u001b[32m\"display-name\"\u001b[39m\n              \u001b[36m>\u001b[39m\n                \u001b[0mYour Display Name\u001b[0m\n              \u001b[36m</label>\u001b[39m\n              \u001b[36m<input\u001b[39m\n                \u001b[33mclass\u001b[39m=\u001b[32m\"w-full bg-background/50 border border-border rounded-xl px-4 py-3 outline-none focus:ring-2 focus:ring-primary/50 transition-all duration-300 font-medium\"\u001b[39m\n                \u001b[33mid\u001b[39m=\u001b[32m\"display-name\"\u001b[39m\n                \u001b[33mplaceholder\u001b[39m=\u001b[32m\"Enter display name...\"\u001b[39m\n                \u001b[33mrequired\u001b[39m=\u001b[32m\"\"\u001b[39m\n                \u001b[33mtype\u001b[39m=\u001b[32m\"text\"\u001b[39m\n                \u001b[33mvalue\u001b[39m=\u001b[32m\"Bob\"\u001b[39m\n              \u001b[36m/>\u001b[39m\n            \u001b[36m</div>\u001b[39m\n            \u001b[36m<div>\u001b[39m\n              \u001b[36m<label\u001b[39m\n                \u001b[33mclass\u001b[39m=\u001b[32m\"block text-xs font-semibold text-muted-foreground uppercase mb-2\"\u001b[39m\n                \u001b[33mfor\u001b[39m=\u001b[32m\"room-password\"\u001b[39m\n              \u001b[36m>\u001b[39m\n                \u001b[0mSecurity Room Password\u001b[0m\n              \u001b[36m</label>\u001b[39m\n              \u001b[36m<input\u001b[39m\n                \u001b[33mclass\u001b[39m=\u001b[32m\"w-full bg-background/50 border border-border rounded-xl px-4 py-3 outline-none focus:ring-2 focus:ring-primary/50 transition-all duration-300 font-medium\"\u001b[39m\n                \u001b[33mid\u001b[39m=\u001b[32m\"room-password\"\u001b[39m\n                \u001b[33mplaceholder\u001b[39m=\u001b[32m\"Enter room password...\"\u001b[39m\n                \u001b[33mrequired\u001b[39m=\u001b[32m\"\"\u001b[39m\n                \u001b[33mtype\u001b[39m=\u001b[32m\"password\"\u001b[39m\n                \u001b[33mvalue\u001b[39m=\u001b[32m\"correct_password\"\u001b[39m\n              \u001b[36m/>\u001b[39m\n            \u001b[36m</div>\u001b[39m\n            \u001b[36m<button\u001b[39m\n              \u001b[33mclass\u001b[39m=\u001b[32m\"w-full group py-4 bg-primary text-primary-foreground font-semibold rounded-xl flex items-center justify-center space-x-2 shadow-lg shadow-primary/30 hover:shadow-primary/50 hover:scale-[1.02] active:scale-[0.98] transition-all duration-300 disabled:opacity-50 disabled:cursor-not-allowed disabled:hover:scale-100 disabled:hover:shadow-none\"\u001b[39m\n              \u001b[33mtype\u001b[39m=\u001b[32m\"submit\"\u001b[39m\n            \u001b[36m>\u001b[39m\n              \u001b[36m<span>\u001b[39m\n                \u001b[0mJoin Room\u001b[0m\n              \u001b[36m</span>\u001b[39m\n              \u001b[36m<svg\u001b[39m\n                \u001b[33mclass\u001b[39m=\u001b[32m\"group-hover:translate-x-1 transition-transform\"\u001b[39m\n                \u001b[33mfill\u001b[39m=\u001b[32m\"none\"\u001b[39m\n                \u001b[33mheight\u001b[39m=\u001b[32m\"1em\"\u001b[39m\n                \u001b[33mstroke\u001b[39m=\u001b[32m\"currentColor\"\u001b[39m\n                \u001b[33mstroke-linecap\u001b[39m=\u001b[32m\"round\"\u001b[39m\n                \u001b[33mstroke-linejoin\u001b[39m=\u001b[32m\"round\"\u001b[39m\n                \u001b[33mstroke-width\u001b[39m=\u001b[32m\"2\"\u001b[39m\n                \u001b[33mviewBox\u001b[39m=\u001b[32m\"0 0 24 24\"\u001b[39m\n                \u001b[33mwidth\u001b[39m=\u001b[32m\"1em\"\u001b[39m\n                \u001b[33mxmlns\u001b[39m=\u001b[32m\"http://www.w3.org/2000/svg\"\u001b[39m\n              \u001b[36m>\u001b[39m\n                \u001b[36m<line\u001b[39m\n                  \u001b[33mx1\u001b[39m=\u001b[32m\"5\"\u001b[39m\n                  \u001b[33mx2\u001b[39m=\u001b[32m\"19\"\u001b[39m\n                  \u001b[33my1\u001b[39m=\u001b[32m\"12\"\u001b[39m\n                  \u001b[33my2\u001b[39m=\u001b[32m\"12\"\u001b[39m\n                \u001b[36m/>\u001b[39m\n                \u001b[36m<polyline\u001b[39m\n                  \u001b[33mpoints\u001b[39m=\u001b[32m\"12 5 19 12 12 19\"\u001b[39m\n                \u001b[36m/>\u001b[39m\n              \u001b[36m</svg>\u001b[39m\n            \u001b[36m</button>\u001b[39m\n          \u001b[36m</form>\u001b[39m\n        \u001b[36m</div>\u001b[39m\n      \u001b[36m</div>\u001b[39m\n    \u001b[36m</div>\u001b[39m\n  \u001b[36m</div>\u001b[39m\n\u001b[36m</body>\u001b[39m\n    at waitForWrapper (C:\\Users\\oomka\\OneDrive\\Desktop\\New folder (2)\\linkup\\node_modules\\@testing-library\\dom\\dist\\wait-for.js:163:27)\n    at Object.<anonymous> (C:\\Users\\oomka\\OneDrive\\Desktop\\New folder (2)\\linkup\\__tests__\\webrtc-advanced.test.tsx:163:18)"],"fullName":"Advanced WebRTC and Encryption Layer Integration Test Suite verifies room access credentials check for locked channels and correctly joins","invocations":1,"location":null,"numPassingAsserts":2,"retryReasons":[],"startAt":1779044418455,"status":"failed","title":"verifies room access credentials check for locked channels and correctly joins"},{"ancestorTitles":["Advanced WebRTC and Encryption Layer Integration Test Suite"],"duration":1110,"failing":false,"failureDetails":[{"name":"TestingLibraryElementError"}],"failureMessages":["Error: Unable to find a label with the text of: Toggle Screen Sharing\n\nIgnored nodes: comments, script, style\n\u001b[36m<body>\u001b[39m\n  \u001b[36m<div>\u001b[39m\n    \u001b[36m<div\u001b[39m\n      \u001b[33mclass\u001b[39m=\u001b[32m\"min-h-screen flex flex-col items-center justify-center p-4 relative overflow-hidden\"\u001b[39m\n    \u001b[36m>\u001b[39m\n      \u001b[36m<div\u001b[39m\n        \u001b[33mclass\u001b[39m=\u001b[32m\"absolute top-1/4 left-1/4 w-96 h-96 bg-primary/20 rounded-full mix-blend-multiply filter blur-3xl opacity-70 animate-blob\"\u001b[39m\n      \u001b[36m/>\u001b[39m\n      \u001b[36m<div\u001b[39m\n        \u001b[33mclass\u001b[39m=\u001b[32m\"absolute top-1/3 right-1/4 w-96 h-96 bg-accent/20 rounded-full mix-blend-multiply filter blur-3xl opacity-70 animate-blob\"\u001b[39m\n        \u001b[33mstyle\u001b[39m=\u001b[32m\"animation-delay: 2s;\"\u001b[39m\n      \u001b[36m/>\u001b[39m\n      \u001b[36m<div\u001b[39m\n        \u001b[33mclass\u001b[39m=\u001b[32m\"relative z-10 w-full max-w-3xl glass rounded-3xl p-8 shadow-2xl border border-border/50 grid grid-cols-1 md:grid-cols-2 gap-8 items-center\"\u001b[39m\n      \u001b[36m>\u001b[39m\n        \u001b[36m<div\u001b[39m\n          \u001b[33mclass\u001b[39m=\u001b[32m\"flex flex-col items-center space-y-4\"\u001b[39m\n        \u001b[36m>\u001b[39m\n          \u001b[36m<div\u001b[39m\n            \u001b[33mclass\u001b[39m=\u001b[32m\"relative w-full aspect-video bg-black/40 rounded-2xl overflow-hidden border border-border/60 shadow-inner flex items-center justify-center\"\u001b[39m\n          \u001b[36m>\u001b[39m\n            \u001b[36m<div\u001b[39m\n              \u001b[33mclass\u001b[39m=\u001b[32m\"text-muted-foreground flex flex-col items-center space-y-2\"\u001b[39m\n            \u001b[36m>\u001b[39m\n              \u001b[36m<div\u001b[39m\n                \u001b[33mclass\u001b[39m=\u001b[32m\"w-16 h-16 bg-muted rounded-full flex items-center justify-center\"\u001b[39m\n              \u001b[36m>\u001b[39m\n                \u001b[36m<svg\u001b[39m\n                  \u001b[33mfill\u001b[39m=\u001b[32m\"none\"\u001b[39m\n                  \u001b[33mheight\u001b[39m=\u001b[32m\"28\"\u001b[39m\n                  \u001b[33mstroke\u001b[39m=\u001b[32m\"currentColor\"\u001b[39m\n                  \u001b[33mstroke-linecap\u001b[39m=\u001b[32m\"round\"\u001b[39m\n                  \u001b[33mstroke-linejoin\u001b[39m=\u001b[32m\"round\"\u001b[39m\n                  \u001b[33mstroke-width\u001b[39m=\u001b[32m\"2\"\u001b[39m\n                  \u001b[33mviewBox\u001b[39m=\u001b[32m\"0 0 24 24\"\u001b[39m\n                  \u001b[33mwidth\u001b[39m=\u001b[32m\"28\"\u001b[39m\n                  \u001b[33mxmlns\u001b[39m=\u001b[32m\"http://www.w3.org/2000/svg\"\u001b[39m\n                \u001b[36m>\u001b[39m\n                  \u001b[36m<path\u001b[39m\n                    \u001b[33md\u001b[39m=\u001b[32m\"M16 16v1a2 2 0 0 1-2 2H3a2 2 0 0 1-2-2V7a2 2 0 0 1 2-2h2m5.66 0H14a2 2 0 0 1 2 2v3.34l1 1L23 7v10\"\u001b[39m\n                  \u001b[36m/>\u001b[39m\n                  \u001b[36m<line\u001b[39m\n                    \u001b[33mx1\u001b[39m=\u001b[32m\"1\"\u001b[39m\n                    \u001b[33mx2\u001b[39m=\u001b[32m\"23\"\u001b[39m\n                    \u001b[33my1\u001b[39m=\u001b[32m\"1\"\u001b[39m\n                    \u001b[33my2\u001b[39m=\u001b[32m\"23\"\u001b[39m\n                  \u001b[36m/>\u001b[39m\n                \u001b[36m</svg>\u001b[39m\n              \u001b[36m</div>\u001b[39m\n              \u001b[36m<span\u001b[39m\n                \u001b[33mclass\u001b[39m=\u001b[32m\"text-sm\"\u001b[39m\n              \u001b[36m>\u001b[39m\n                \u001b[0mCamera is off\u001b[0m\n              \u001b[36m</span>\u001b[39m\n            \u001b[36m</div>\u001b[39m\n            \u001b[36m<div\u001b[39m\n              \u001b[33mclass\u001b[39m=\u001b[32m\"absolute bottom-4 left-1/2 -translate-x-1/2 flex items-center space-x-3 bg-black/60 backdrop-blur-md px-4 py-2 rounded-full border border-white/10\"\u001b[39m\n            \u001b[36m>\u001b[39m\n              \u001b[36m<button\u001b[39m\n                \u001b[33mclass\u001b[39m=\u001b[32m\"p-3 rounded-full transition-all duration-300 bg-primary text-primary-foreground\"\u001b[39m\n                \u001b[33mtype\u001b[39m=\u001b[32m\"button\"\u001b[39m\n              \u001b[36m>\u001b[39m\n                \u001b[36m<svg\u001b[39m\n                  \u001b[33mfill\u001b[39m=\u001b[32m\"none\"\u001b[39m\n                  \u001b[33mheight\u001b[39m=\u001b[32m\"18\"\u001b[39m\n                  \u001b[33mstroke\u001b[39m=\u001b[32m\"currentColor\"\u001b[39m\n                  \u001b[33mstroke-linecap\u001b[39m=\u001b[32m\"round\"\u001b[39m\n                  \u001b[33mstroke-linejoin\u001b[39m=\u001b[32m\"round\"\u001b[39m\n                  \u001b[33mstroke-width\u001b[39m=\u001b[32m\"2\"\u001b[39m\n                  \u001b[33mviewBox\u001b[39m=\u001b[32m\"0 0 24 24\"\u001b[39m\n                  \u001b[33mwidth\u001b[39m=\u001b[32m\"18\"\u001b[39m\n                  \u001b[33mxmlns\u001b[39m=\u001b[32m\"http://www.w3.org/2000/svg\"\u001b[39m\n                \u001b[36m>\u001b[39m\n                  \u001b[36m<path\u001b[39m\n                    \u001b[33md\u001b[39m=\u001b[32m\"M12 1a3 3 0 0 0-3 3v8a3 3 0 0 0 6 0V4a3 3 0 0 0-3-3z\"\u001b[39m\n                  \u001b[36m/>\u001b[39m\n                  \u001b[36m<path\u001b[39m\n                    \u001b[33md\u001b[39m=\u001b[32m\"M19 10v2a7 7 0 0 1-14 0v-2\"\u001b[39m\n                  \u001b[36m/>\u001b[39m\n                  \u001b[36m<line\u001b[39m\n                    \u001b[33mx1\u001b[39m=\u001b[32m\"12\"\u001b[39m\n                    \u001b[33mx2\u001b[39m=\u001b[32m\"12\"\u001b[39m\n                    \u001b[33my1\u001b[39m=\u001b[32m\"19\"\u001b[39m\n                    \u001b[33my2\u001b[39m=\u001b[32m\"23\"\u001b[39m\n                  \u001b[36m/>\u001b[39m\n                  \u001b[36m<line\u001b[39m\n                    \u001b[33mx1\u001b[39m=\u001b[32m\"8\"\u001b[39m\n                    \u001b[33mx2\u001b[39m=\u001b[32m\"16\"\u001b[39m\n                    \u001b[33my1\u001b[39m=\u001b[32m\"23\"\u001b[39m\n                    \u001b[33my2\u001b[39m=\u001b[32m\"23\"\u001b[39m\n                  \u001b[36m/>\u001b[39m\n                \u001b[36m</svg>\u001b[39m\n              \u001b[36m</button>\u001b[39m\n              \u001b[36m<button\u001b[39m\n                \u001b[33mclass\u001b[39m=\u001b[32m\"p-3 rounded-full transition-all duration-300 bg-primary text-primary-foreground\"\u001b[39m\n                \u001b[33mtype\u001b[39m=\u001b[32m\"button\"\u001b[39m\n              \u001b[36m>\u001b[39m\n                \u001b[36m<svg\u001b[39m\n                  \u001b[33mfill\u001b[39m=\u001b[32m\"none\"\u001b[39m\n                  \u001b[33mheight\u001b[39m=\u001b[32m\"18\"\u001b[39m\n                  \u001b[33mstroke\u001b[39m=\u001b[32m\"currentColor\"\u001b[39m\n                  \u001b[33mstroke-linecap\u001b[39m=\u001b[32m\"round\"\u001b[39m\n                  \u001b[33mstroke-linejoin\u001b[39m=\u001b[32m\"round\"\u001b[39m\n                  \u001b[33mstroke-width\u001b[39m=\u001b[32m\"2\"\u001b[39m\n                  \u001b[33mviewBox\u001b[39m=\u001b[32m\"0 0 24 24\"\u001b[39m\n                  \u001b[33mwidth\u001b[39m=\u001b[32m\"18\"\u001b[39m\n                  \u001b[33mxmlns\u001b[39m=\u001b[32m\"http://www.w3.org/2000/svg\"\u001b[39m\n                \u001b[36m>\u001b[39m\n                  \u001b[36m<polygon\u001b[39m\n                    \u001b[33mpoints\u001b[39m=\u001b[32m\"23 7 16 12 23 17 23 7\"\u001b[39m\n                  \u001b[36m/>\u001b[39m\n                  \u001b[36m<rect\u001b[39m\n                    \u001b[33mheight\u001b[39m=\u001b[32m\"14\"\u001b[39m\n                    \u001b[33mrx\u001b[39m=\u001b[32m\"2\"\u001b[39m\n                    \u001b[33mry\u001b[39m=\u001b[32m\"2\"\u001b[39m\n                    \u001b[33mwidth\u001b[39m=\u001b[32m\"15\"\u001b[39m\n                    \u001b[33mx\u001b[39m=\u001b[32m\"1\"\u001b[39m\n                    \u001b[33my\u001b[39m=\u001b[32m\"5\"\u001b[39m\n                  \u001b[36m/>\u001b[39m\n                \u001b[36m</svg>\u001b[39m\n              \u001b[36m</button>\u001b[39m\n            \u001b[36m</div>\u001b[39m\n          \u001b[36m</div>\u001b[39m\n        \u001b[36m</div>\u001b[39m\n        \u001b[36m<div\u001b[39m\n          \u001b[33mclass\u001b[39m=\u001b[32m\"space-y-6\"\u001b[39m\n        \u001b[36m>\u001b[39m\n          \u001b[36m<div>\u001b[39m\n            \u001b[36m<span\u001b[39m\n              \u001b[33mclass\u001b[39m=\u001b[32m\"text-xs font-semibold tracking-wider text-primary uppercase\"\u001b[39m\n            \u001b[36m>\u001b[39m\n              \u001b[0mJoining Meeting\u001b[0m\n            \u001b[36m</span>\u001b[39m\n            \u001b[36m<h2\u001b[39m\n              \u001b[33mclass\u001b[39m=\u001b[32m\"text-3xl font-extrabold tracking-tight mt-1\"\u001b[39m\n            \u001b[36m>\u001b[39m\n              \u001b[0mWidescreen Workspace Channel\u001b[0m\n            \u001b[36m</h2>\u001b[39m\n            \u001b[36m<p\u001b[39m\n              \u001b[33mclass\u001b[39m=\u001b[32m\"text-sm text-muted-foreground mt-2\"\u001b[39m\n            \u001b[36m>\u001b[39m\n              \u001b[0mPrepare your name and check your device settings before entering the room.\u001b[0m\n            \u001b[36m</p>\u001b[39m\n          \u001b[36m</div>\u001b[39m\n          \u001b[36m<form\u001b[39m\n            \u001b[33mclass\u001b[39m=\u001b[32m\"space-y-4\"\u001b[39m\n          \u001b[36m>\u001b[39m\n            \u001b[36m<div>\u001b[39m\n              \u001b[36m<label\u001b[39m\n                \u001b[33mclass\u001b[39m=\u001b[32m\"block text-xs font-semibold text-muted-foreground uppercase mb-2\"\u001b[39m\n                \u001b[33mfor\u001b[39m=\u001b[32m\"display-name\"\u001b[39m\n              \u001b[36m>\u001b[39m\n                \u001b[0mYour Display Name\u001b[0m\n              \u001b[36m</label>\u001b[39m\n              \u001b[36m<input\u001b[39m\n                \u001b[33mclass\u001b[39m=\u001b[32m\"w-full bg-background/50 border border-border rounded-xl px-4 py-3 outline-none focus:ring-2 focus:ring-primary/50 transition-all duration-300 font-medium\"\u001b[39m\n                \u001b[33mid\u001b[39m=\u001b[32m\"display-name\"\u001b[39m\n                \u001b[33mplaceholder\u001b[39m=\u001b[32m\"Enter display name...\"\u001b[39m\n                \u001b[33mrequired\u001b[39m=\u001b[32m\"\"\u001b[39m\n                \u001b[33mtype\u001b[39m=\u001b[32m\"text\"\u001b[39m\n                \u001b[33mvalue\u001b[39m=\u001b[32m\"Charlie\"\u001b[39m\n              \u001b[36m/>\u001b[39m\n            \u001b[36m</div>\u001b[39m\n            \u001b[36m<button\u001b[39m\n              \u001b[33mclass\u001b[39m=\u001b[32m\"w-full group py-4 bg-primary text-primary-foreground font-semibold rounded-xl flex items-center justify-center space-x-2 shadow-lg shadow-primary/30 hover:shadow-primary/50 hover:scale-[1.02] active:scale-[0.98] transition-all duration-300 disabled:opacity-50 disabled:cursor-not-allowed disabled:hover:scale-100 disabled:hover:shadow-none\"\u001b[39m\n              \u001b[33mtype\u001b[39m=\u001b[32m\"submit\"\u001b[39m\n            \u001b[36m>\u001b[39m\n              \u001b[36m<span>\u001b[39m\n                \u001b[0mJoin Room\u001b[0m\n              \u001b[36m</span>\u001b[39m\n              \u001b[36m<svg\u001b[39m\n                \u001b[33mclass\u001b[39m=\u001b[32m\"group-hover:translate-x-1 transition-transform\"\u001b[39m\n                \u001b[33mfill\u001b[39m=\u001b[32m\"none\"\u001b[39m\n                \u001b[33mheight\u001b[39m=\u001b[32m\"1em\"\u001b[39m\n                \u001b[33mstroke\u001b[39m=\u001b[32m\"currentColor\"\u001b[39m\n                \u001b[33mstroke-linecap\u001b[39m=\u001b[32m\"round\"\u001b[39m\n                \u001b[33mstroke-linejoin\u001b[39m=\u001b[32m\"round\"\u001b[39m\n                \u001b[33mstroke-width\u001b[39m=\u001b[32m\"2\"\u001b[39m\n                \u001b[33mviewBox\u001b[39m=\u001b[32m\"0 0 24 24\"\u001b[39m\n                \u001b[33mwidth\u001b[39m=\u001b[32m\"1em\"\u001b[39m\n                \u001b[33mxmlns\u001b[39m=\u001b[32m\"http://www.w3.org/2000/svg\"\u001b[39m\n              \u001b[36m>\u001b[39m\n                \u001b[36m<line\u001b[39m\n                  \u001b[33mx1\u001b[39m=\u001b[32m\"5\"\u001b[39m\n                  \u001b[33mx2\u001b[39m=\u001b[32m\"19\"\u001b[39m\n                  \u001b[33my1\u001b[39m=\u001b[32m\"12\"\u001b[39m\n                  \u001b[33my2\u001b[39m=\u001b[32m\"12\"\u001b[39m\n                \u001b[36m/>\u001b[39m\n                \u001b[36m<polyline\u001b[39m\n                  \u001b[33mpoints\u001b[39m=\u001b[32m\"12 5 19 12 12 19\"\u001b[39m\n                \u001b[36m/>\u001b[39m\n              \u001b[36m</svg>\u001b[39m\n            \u001b[36m</button>\u001b[39m\n          \u001b[36m</form>\u001b[39m\n        \u001b[36m</div>\u001b[39m\n      \u001b[36m</div>\u001b[39m\n    \u001b[36m</div>\u001b[39m\n  \u001b[36m</div>\u001b[39m\n\u001b[36m</body>\u001b[39m\n    at waitForWrapper (C:\\Users\\oomka\\OneDrive\\Desktop\\New folder (2)\\linkup\\node_modules\\@testing-library\\dom\\dist\\wait-for.js:163:27)\n    at Object.<anonymous> (C:\\Users\\oomka\\OneDrive\\Desktop\\New folder (2)\\linkup\\__tests__\\webrtc-advanced.test.tsx:204:18)"],"fullName":"Advanced WebRTC and Encryption Layer Integration Test Suite triggers local screen sharing session and swaps track dynamically across peer connections","invocations":1,"location":null,"numPassingAsserts":1,"retryReasons":[],"startAt":1779044420092,"status":"failed","title":"triggers local screen sharing session and swaps track dynamically across peer connections"},{"ancestorTitles":["Advanced WebRTC and Encryption Layer Integration Test Suite"],"duration":1270,"failing":false,"failureDetails":[{"name":"TestingLibraryElementError"}],"failureMessages":["Error: Unable to find an element by: [data-testid=\"telemetry-local\"]\n\nIgnored nodes: comments, script, style\n\u001b[36m<body>\u001b[39m\n  \u001b[36m<div>\u001b[39m\n    \u001b[36m<div\u001b[39m\n      \u001b[33mclass\u001b[39m=\u001b[32m\"min-h-screen flex flex-col items-center justify-center p-4 relative overflow-hidden\"\u001b[39m\n    \u001b[36m>\u001b[39m\n      \u001b[36m<div\u001b[39m\n        \u001b[33mclass\u001b[39m=\u001b[32m\"absolute top-1/4 left-1/4 w-96 h-96 bg-primary/20 rounded-full mix-blend-multiply filter blur-3xl opacity-70 animate-blob\"\u001b[39m\n      \u001b[36m/>\u001b[39m\n      \u001b[36m<div\u001b[39m\n        \u001b[33mclass\u001b[39m=\u001b[32m\"absolute top-1/3 right-1/4 w-96 h-96 bg-accent/20 rounded-full mix-blend-multiply filter blur-3xl opacity-70 animate-blob\"\u001b[39m\n        \u001b[33mstyle\u001b[39m=\u001b[32m\"animation-delay: 2s;\"\u001b[39m\n      \u001b[36m/>\u001b[39m\n      \u001b[36m<div\u001b[39m\n        \u001b[33mclass\u001b[39m=\u001b[32m\"relative z-10 w-full max-w-3xl glass rounded-3xl p-8 shadow-2xl border border-border/50 grid grid-cols-1 md:grid-cols-2 gap-8 items-center\"\u001b[39m\n      \u001b[36m>\u001b[39m\n        \u001b[36m<div\u001b[39m\n          \u001b[33mclass\u001b[39m=\u001b[32m\"flex flex-col items-center space-y-4\"\u001b[39m\n        \u001b[36m>\u001b[39m\n          \u001b[36m<div\u001b[39m\n            \u001b[33mclass\u001b[39m=\u001b[32m\"relative w-full aspect-video bg-black/40 rounded-2xl overflow-hidden border border-border/60 shadow-inner flex items-center justify-center\"\u001b[39m\n          \u001b[36m>\u001b[39m\n            \u001b[36m<div\u001b[39m\n              \u001b[33mclass\u001b[39m=\u001b[32m\"text-muted-foreground flex flex-col items-center space-y-2\"\u001b[39m\n            \u001b[36m>\u001b[39m\n              \u001b[36m<div\u001b[39m\n                \u001b[33mclass\u001b[39m=\u001b[32m\"w-16 h-16 bg-muted rounded-full flex items-center justify-center\"\u001b[39m\n              \u001b[36m>\u001b[39m\n                \u001b[36m<svg\u001b[39m\n                  \u001b[33mfill\u001b[39m=\u001b[32m\"none\"\u001b[39m\n                  \u001b[33mheight\u001b[39m=\u001b[32m\"28\"\u001b[39m\n                  \u001b[33mstroke\u001b[39m=\u001b[32m\"currentColor\"\u001b[39m\n                  \u001b[33mstroke-linecap\u001b[39m=\u001b[32m\"round\"\u001b[39m\n                  \u001b[33mstroke-linejoin\u001b[39m=\u001b[32m\"round\"\u001b[39m\n                  \u001b[33mstroke-width\u001b[39m=\u001b[32m\"2\"\u001b[39m\n                  \u001b[33mviewBox\u001b[39m=\u001b[32m\"0 0 24 24\"\u001b[39m\n                  \u001b[33mwidth\u001b[39m=\u001b[32m\"28\"\u001b[39m\n                  \u001b[33mxmlns\u001b[39m=\u001b[32m\"http://www.w3.org/2000/svg\"\u001b[39m\n                \u001b[36m>\u001b[39m\n                  \u001b[36m<path\u001b[39m\n                    \u001b[33md\u001b[39m=\u001b[32m\"M16 16v1a2 2 0 0 1-2 2H3a2 2 0 0 1-2-2V7a2 2 0 0 1 2-2h2m5.66 0H14a2 2 0 0 1 2 2v3.34l1 1L23 7v10\"\u001b[39m\n                  \u001b[36m/>\u001b[39m\n                  \u001b[36m<line\u001b[39m\n                    \u001b[33mx1\u001b[39m=\u001b[32m\"1\"\u001b[39m\n                    \u001b[33mx2\u001b[39m=\u001b[32m\"23\"\u001b[39m\n                    \u001b[33my1\u001b[39m=\u001b[32m\"1\"\u001b[39m\n                    \u001b[33my2\u001b[39m=\u001b[32m\"23\"\u001b[39m\n                  \u001b[36m/>\u001b[39m\n                \u001b[36m</svg>\u001b[39m\n              \u001b[36m</div>\u001b[39m\n              \u001b[36m<span\u001b[39m\n                \u001b[33mclass\u001b[39m=\u001b[32m\"text-sm\"\u001b[39m\n              \u001b[36m>\u001b[39m\n                \u001b[0mCamera is off\u001b[0m\n              \u001b[36m</span>\u001b[39m\n            \u001b[36m</div>\u001b[39m\n            \u001b[36m<div\u001b[39m\n              \u001b[33mclass\u001b[39m=\u001b[32m\"absolute bottom-4 left-1/2 -translate-x-1/2 flex items-center space-x-3 bg-black/60 backdrop-blur-md px-4 py-2 rounded-full border border-white/10\"\u001b[39m\n            \u001b[36m>\u001b[39m\n              \u001b[36m<button\u001b[39m\n                \u001b[33mclass\u001b[39m=\u001b[32m\"p-3 rounded-full transition-all duration-300 bg-primary text-primary-foreground\"\u001b[39m\n                \u001b[33mtype\u001b[39m=\u001b[32m\"button\"\u001b[39m\n              \u001b[36m>\u001b[39m\n                \u001b[36m<svg\u001b[39m\n                  \u001b[33mfill\u001b[39m=\u001b[32m\"none\"\u001b[39m\n                  \u001b[33mheight\u001b[39m=\u001b[32m\"18\"\u001b[39m\n                  \u001b[33mstroke\u001b[39m=\u001b[32m\"currentColor\"\u001b[39m\n                  \u001b[33mstroke-linecap\u001b[39m=\u001b[32m\"round\"\u001b[39m\n                  \u001b[33mstroke-linejoin\u001b[39m=\u001b[32m\"round\"\u001b[39m\n                  \u001b[33mstroke-width\u001b[39m=\u001b[32m\"2\"\u001b[39m\n                  \u001b[33mviewBox\u001b[39m=\u001b[32m\"0 0 24 24\"\u001b[39m\n                  \u001b[33mwidth\u001b[39m=\u001b[32m\"18\"\u001b[39m\n                  \u001b[33mxmlns\u001b[39m=\u001b[32m\"http://www.w3.org/2000/svg\"\u001b[39m\n                \u001b[36m>\u001b[39m\n                  \u001b[36m<path\u001b[39m\n                    \u001b[33md\u001b[39m=\u001b[32m\"M12 1a3 3 0 0 0-3 3v8a3 3 0 0 0 6 0V4a3 3 0 0 0-3-3z\"\u001b[39m\n                  \u001b[36m/>\u001b[39m\n                  \u001b[36m<path\u001b[39m\n                    \u001b[33md\u001b[39m=\u001b[32m\"M19 10v2a7 7 0 0 1-14 0v-2\"\u001b[39m\n                  \u001b[36m/>\u001b[39m\n                  \u001b[36m<line\u001b[39m\n                    \u001b[33mx1\u001b[39m=\u001b[32m\"12\"\u001b[39m\n                    \u001b[33mx2\u001b[39m=\u001b[32m\"12\"\u001b[39m\n                    \u001b[33my1\u001b[39m=\u001b[32m\"19\"\u001b[39m\n                    \u001b[33my2\u001b[39m=\u001b[32m\"23\"\u001b[39m\n                  \u001b[36m/>\u001b[39m\n                  \u001b[36m<line\u001b[39m\n                    \u001b[33mx1\u001b[39m=\u001b[32m\"8\"\u001b[39m\n                    \u001b[33mx2\u001b[39m=\u001b[32m\"16\"\u001b[39m\n                    \u001b[33my1\u001b[39m=\u001b[32m\"23\"\u001b[39m\n                    \u001b[33my2\u001b[39m=\u001b[32m\"23\"\u001b[39m\n                  \u001b[36m/>\u001b[39m\n                \u001b[36m</svg>\u001b[39m\n              \u001b[36m</button>\u001b[39m\n              \u001b[36m<button\u001b[39m\n                \u001b[33mclass\u001b[39m=\u001b[32m\"p-3 rounded-full transition-all duration-300 bg-primary text-primary-foreground\"\u001b[39m\n                \u001b[33mtype\u001b[39m=\u001b[32m\"button\"\u001b[39m\n              \u001b[36m>\u001b[39m\n                \u001b[36m<svg\u001b[39m\n                  \u001b[33mfill\u001b[39m=\u001b[32m\"none\"\u001b[39m\n                  \u001b[33mheight\u001b[39m=\u001b[32m\"18\"\u001b[39m\n                  \u001b[33mstroke\u001b[39m=\u001b[32m\"currentColor\"\u001b[39m\n                  \u001b[33mstroke-linecap\u001b[39m=\u001b[32m\"round\"\u001b[39m\n                  \u001b[33mstroke-linejoin\u001b[39m=\u001b[32m\"round\"\u001b[39m\n                  \u001b[33mstroke-width\u001b[39m=\u001b[32m\"2\"\u001b[39m\n                  \u001b[33mviewBox\u001b[39m=\u001b[32m\"0 0 24 24\"\u001b[39m\n                  \u001b[33mwidth\u001b[39m=\u001b[32m\"18\"\u001b[39m\n                  \u001b[33mxmlns\u001b[39m=\u001b[32m\"http://www.w3.org/2000/svg\"\u001b[39m\n                \u001b[36m>\u001b[39m\n                  \u001b[36m<polygon\u001b[39m\n                    \u001b[33mpoints\u001b[39m=\u001b[32m\"23 7 16 12 23 17 23 7\"\u001b[39m\n                  \u001b[36m/>\u001b[39m\n                  \u001b[36m<rect\u001b[39m\n                    \u001b[33mheight\u001b[39m=\u001b[32m\"14\"\u001b[39m\n                    \u001b[33mrx\u001b[39m=\u001b[32m\"2\"\u001b[39m\n                    \u001b[33mry\u001b[39m=\u001b[32m\"2\"\u001b[39m\n                    \u001b[33mwidth\u001b[39m=\u001b[32m\"15\"\u001b[39m\n                    \u001b[33mx\u001b[39m=\u001b[32m\"1\"\u001b[39m\n                    \u001b[33my\u001b[39m=\u001b[32m\"5\"\u001b[39m\n                  \u001b[36m/>\u001b[39m\n                \u001b[36m</svg>\u001b[39m\n              \u001b[36m</button>\u001b[39m\n            \u001b[36m</div>\u001b[39m\n          \u001b[36m</div>\u001b[39m\n        \u001b[36m</div>\u001b[39m\n        \u001b[36m<div\u001b[39m\n          \u001b[33mclass\u001b[39m=\u001b[32m\"space-y-6\"\u001b[39m\n        \u001b[36m>\u001b[39m\n          \u001b[36m<div>\u001b[39m\n            \u001b[36m<span\u001b[39m\n              \u001b[33mclass\u001b[39m=\u001b[32m\"text-xs font-semibold tracking-wider text-primary uppercase\"\u001b[39m\n            \u001b[36m>\u001b[39m\n              \u001b[0mJoining Meeting\u001b[0m\n            \u001b[36m</span>\u001b[39m\n            \u001b[36m<h2\u001b[39m\n              \u001b[33mclass\u001b[39m=\u001b[32m\"text-3xl font-extrabold tracking-tight mt-1\"\u001b[39m\n            \u001b[36m>\u001b[39m\n              \u001b[0mTelemetry Diagnostics Channel\u001b[0m\n            \u001b[36m</h2>\u001b[39m\n            \u001b[36m<p\u001b[39m\n              \u001b[33mclass\u001b[39m=\u001b[32m\"text-sm text-muted-foreground mt-2\"\u001b[39m\n            \u001b[36m>\u001b[39m\n              \u001b[0mPrepare your name and check your device settings before entering the room.\u001b[0m\n            \u001b[36m</p>\u001b[39m\n          \u001b[36m</div>\u001b[39m\n          \u001b[36m<form\u001b[39m\n            \u001b[33mclass\u001b[39m=\u001b[32m\"space-y-4\"\u001b[39m\n          \u001b[36m>\u001b[39m\n            \u001b[36m<div>\u001b[39m\n              \u001b[36m<label\u001b[39m\n                \u001b[33mclass\u001b[39m=\u001b[32m\"block text-xs font-semibold text-muted-foreground uppercase mb-2\"\u001b[39m\n                \u001b[33mfor\u001b[39m=\u001b[32m\"display-name\"\u001b[39m\n              \u001b[36m>\u001b[39m\n                \u001b[0mYour Display Name\u001b[0m\n              \u001b[36m</label>\u001b[39m\n              \u001b[36m<input\u001b[39m\n                \u001b[33mclass\u001b[39m=\u001b[32m\"w-full bg-background/50 border border-border rounded-xl px-4 py-3 outline-none focus:ring-2 focus:ring-primary/50 transition-all duration-300 font-medium\"\u001b[39m\n                \u001b[33mid\u001b[39m=\u001b[32m\"display-name\"\u001b[39m\n                \u001b[33mplaceholder\u001b[39m=\u001b[32m\"Enter display name...\"\u001b[39m\n                \u001b[33mrequired\u001b[39m=\u001b[32m\"\"\u001b[39m\n                \u001b[33mtype\u001b[39m=\u001b[32m\"text\"\u001b[39m\n                \u001b[33mvalue\u001b[39m=\u001b[32m\"Delta\"\u001b[39m\n              \u001b[36m/>\u001b[39m\n            \u001b[36m</div>\u001b[39m\n            \u001b[36m<button\u001b[39m\n              \u001b[33mclass\u001b[39m=\u001b[32m\"w-full group py-4 bg-primary text-primary-foreground font-semibold rounded-xl flex items-center justify-center space-x-2 shadow-lg shadow-primary/30 hover:shadow-primary/50 hover:scale-[1.02] active:scale-[0.98] transition-all duration-300 disabled:opacity-50 disabled:cursor-not-allowed disabled:hover:scale-100 disabled:hover:shadow-none\"\u001b[39m\n              \u001b[33mtype\u001b[39m=\u001b[32m\"submit\"\u001b[39m\n            \u001b[36m>\u001b[39m\n              \u001b[36m<span>\u001b[39m\n                \u001b[0mJoin Room\u001b[0m\n              \u001b[36m</span>\u001b[39m\n              \u001b[36m<svg\u001b[39m\n                \u001b[33mclass\u001b[39m=\u001b[32m\"group-hover:translate-x-1 transition-transform\"\u001b[39m\n                \u001b[33mfill\u001b[39m=\u001b[32m\"none\"\u001b[39m\n                \u001b[33mheight\u001b[39m=\u001b[32m\"1em\"\u001b[39m\n                \u001b[33mstroke\u001b[39m=\u001b[32m\"currentColor\"\u001b[39m\n                \u001b[33mstroke-linecap\u001b[39m=\u001b[32m\"round\"\u001b[39m\n                \u001b[33mstroke-linejoin\u001b[39m=\u001b[32m\"round\"\u001b[39m\n                \u001b[33mstroke-width\u001b[39m=\u001b[32m\"2\"\u001b[39m\n                \u001b[33mviewBox\u001b[39m=\u001b[32m\"0 0 24 24\"\u001b[39m\n                \u001b[33mwidth\u001b[39m=\u001b[32m\"1em\"\u001b[39m\n                \u001b[33mxmlns\u001b[39m=\u001b[32m\"http://www.w3.org/2000/svg\"\u001b[39m\n              \u001b[36m>\u001b[39m\n                \u001b[36m<line\u001b[39m\n                  \u001b[33mx1\u001b[39m=\u001b[32m\"5\"\u001b[39m\n                  \u001b[33mx2\u001b[39m=\u001b[32m\"19\"\u001b[39m\n                  \u001b[33my1\u001b[39m=\u001b[32m\"12\"\u001b[39m\n                  \u001b[33my2\u001b[39m=\u001b[32m\"12\"\u001b[39m\n                \u001b[36m/>\u001b[39m\n                \u001b[36m<polyline\u001b[39m\n                  \u001b[33mpoints\u001b[39m=\u001b[32m\"12 5 19 12 12 19\"\u001b[39m\n                \u001b[36m/>\u001b[39m\n              \u001b[36m</svg>\u001b[39m\n            \u001b[36m</button>\u001b[39m\n          \u001b[36m</form>\u001b[39m\n        \u001b[36m</div>\u001b[39m\n      \u001b[36m</div>\u001b[39m\n    \u001b[36m</div>\u001b[39m\n  \u001b[36m</div>\u001b[39m\n\u001b[36m</body>\u001b[39m\n    at waitForWrapper (C:\\Users\\oomka\\OneDrive\\Desktop\\New folder (2)\\linkup\\node_modules\\@testing-library\\dom\\dist\\wait-for.js:163:27)\n    at Object.<anonymous> (C:\\Users\\oomka\\OneDrive\\Desktop\\New folder (2)\\linkup\\__tests__\\webrtc-advanced.test.tsx:261:18)"],"fullName":"Advanced WebRTC and Encryption Layer Integration Test Suite renders interactive visual telemetry speedometers and triggers hover telemetry HUD cards","invocations":1,"location":null,"numPassingAsserts":1,"retryReasons":[],"startAt":1779044421203,"status":"failed","title":"renders interactive visual telemetry speedometers and triggers hover telemetry HUD cards"}],"endTime":1779044422560,"message":"  ● Advanced WebRTC and Encryption Layer Integration Test Suite › verifies room access credentials check for locked channels and correctly joins\n\n    Unable to find an element with the text: Bob (You). This could be because the text is broken up by multiple elements. In this case, you can provide a function for your text matcher to make your matcher more flexible.\n\n    Ignored nodes: comments, script, style\n    \u001b[36m<body>\u001b[39m\n      \u001b[36m<div>\u001b[39m\n        \u001b[36m<div\u001b[39m\n          \u001b[33mclass\u001b[39m=\u001b[32m\"min-h-screen flex flex-col items-center justify-center p-4 relative overflow-hidden\"\u001b[39m\n        \u001b[36m>\u001b[39m\n          \u001b[36m<div\u001b[39m\n            \u001b[33mclass\u001b[39m=\u001b[32m\"absolute top-1/4 left-1/4 w-96 h-96 bg-primary/20 rounded-full mix-blend-multiply filter blur-3xl opacity-70 animate-blob\"\u001b[39m\n          \u001b[36m/>\u001b[39m\n          \u001b[36m<div\u001b[39m\n            \u001b[33mclass\u001b[39m=\u001b[32m\"absolute top-1/3 right-1/4 w-96 h-96 bg-accent/20 rounded-full mix-blend-multiply filter blur-3xl opacity-70 animate-blob\"\u001b[39m\n            \u001b[33mstyle\u001b[39m=\u001b[32m\"animation-delay: 2s;\"\u001b[39m\n          \u001b[36m/>\u001b[39m\n          \u001b[36m<div\u001b[39m\n            \u001b[33mclass\u001b[39m=\u001b[32m\"relative z-10 w-full max-w-3xl glass rounded-3xl p-8 shadow-2xl border border-border/50 grid grid-cols-1 md:grid-cols-2 gap-8 items-center\"\u001b[39m\n          \u001b[36m>\u001b[39m\n            \u001b[36m<div\u001b[39m\n              \u001b[33mclass\u001b[39m=\u001b[32m\"flex flex-col items-center space-y-4\"\u001b[39m\n            \u001b[36m>\u001b[39m\n              \u001b[36m<div\u001b[39m\n                \u001b[33mclass\u001b[39m=\u001b[32m\"relative w-full aspect-video bg-black/40 rounded-2xl overflow-hidden border border-border/60 shadow-inner flex items-center justify-center\"\u001b[39m\n              \u001b[36m>\u001b[39m\n                \u001b[36m<div\u001b[39m\n                  \u001b[33mclass\u001b[39m=\u001b[32m\"text-muted-foreground flex flex-col items-center space-y-2\"\u001b[39m\n                \u001b[36m>\u001b[39m\n                  \u001b[36m<div\u001b[39m\n                    \u001b[33mclass\u001b[39m=\u001b[32m\"w-16 h-16 bg-muted rounded-full flex items-center justify-center\"\u001b[39m\n                  \u001b[36m>\u001b[39m\n                    \u001b[36m<svg\u001b[39m\n                      \u001b[33mfill\u001b[39m=\u001b[32m\"none\"\u001b[39m\n                      \u001b[33mheight\u001b[39m=\u001b[32m\"28\"\u001b[39m\n                      \u001b[33mstroke\u001b[39m=\u001b[32m\"currentColor\"\u001b[39m\n                      \u001b[33mstroke-linecap\u001b[39m=\u001b[32m\"round\"\u001b[39m\n                      \u001b[33mstroke-linejoin\u001b[39m=\u001b[32m\"round\"\u001b[39m\n                      \u001b[33mstroke-width\u001b[39m=\u001b[32m\"2\"\u001b[39m\n                      \u001b[33mviewBox\u001b[39m=\u001b[32m\"0 0 24 24\"\u001b[39m\n                      \u001b[33mwidth\u001b[39m=\u001b[32m\"28\"\u001b[39m\n                      \u001b[33mxmlns\u001b[39m=\u001b[32m\"http://www.w3.org/2000/svg\"\u001b[39m\n                    \u001b[36m>\u001b[39m\n                      \u001b[36m<path\u001b[39m\n                        \u001b[33md\u001b[39m=\u001b[32m\"M16 16v1a2 2 0 0 1-2 2H3a2 2 0 0 1-2-2V7a2 2 0 0 1 2-2h2m5.66 0H14a2 2 0 0 1 2 2v3.34l1 1L23 7v10\"\u001b[39m\n                      \u001b[36m/>\u001b[39m\n                      \u001b[36m<line\u001b[39m\n                        \u001b[33mx1\u001b[39m=\u001b[32m\"1\"\u001b[39m\n                        \u001b[33mx2\u001b[39m=\u001b[32m\"23\"\u001b[39m\n                        \u001b[33my1\u001b[39m=\u001b[32m\"1\"\u001b[39m\n                        \u001b[33my2\u001b[39m=\u001b[32m\"23\"\u001b[39m\n                      \u001b[36m/>\u001b[39m\n                    \u001b[36m</svg>\u001b[39m\n                  \u001b[36m</div>\u001b[39m\n                  \u001b[36m<span\u001b[39m\n                    \u001b[33mclass\u001b[39m=\u001b[32m\"text-sm\"\u001b[39m\n                  \u001b[36m>\u001b[39m\n                    \u001b[0mCamera is off\u001b[0m\n                  \u001b[36m</span>\u001b[39m\n                \u001b[36m</div>\u001b[39m\n                \u001b[36m<div\u001b[39m\n                  \u001b[33mclass\u001b[39m=\u001b[32m\"absolute bottom-4 left-1/2 -translate-x-1/2 flex items-center space-x-3 bg-black/60 backdrop-blur-md px-4 py-2 rounded-full border border-white/10\"\u001b[39m\n                \u001b[36m>\u001b[39m\n                  \u001b[36m<button\u001b[39m\n                    \u001b[33mclass\u001b[39m=\u001b[32m\"p-3 rounded-full transition-all duration-300 bg-primary text-primary-foreground\"\u001b[39m\n                    \u001b[33mtype\u001b[39m=\u001b[32m\"button\"\u001b[39m\n                  \u001b[36m>\u001b[39m\n                    \u001b[36m<svg\u001b[39m\n                      \u001b[33mfill\u001b[39m=\u001b[32m\"none\"\u001b[39m\n                      \u001b[33mheight\u001b[39m=\u001b[32m\"18\"\u001b[39m\n                      \u001b[33mstroke\u001b[39m=\u001b[32m\"currentColor\"\u001b[39m\n                      \u001b[33mstroke-linecap\u001b[39m=\u001b[32m\"round\"\u001b[39m\n                      \u001b[33mstroke-linejoin\u001b[39m=\u001b[32m\"round\"\u001b[39m\n                      \u001b[33mstroke-width\u001b[39m=\u001b[32m\"2\"\u001b[39m\n                      \u001b[33mviewBox\u001b[39m=\u001b[32m\"0 0 24 24\"\u001b[39m\n                      \u001b[33mwidth\u001b[39m=\u001b[32m\"18\"\u001b[39m\n                      \u001b[33mxmlns\u001b[39m=\u001b[32m\"http://www.w3.org/2000/svg\"\u001b[39m\n                    \u001b[36m>\u001b[39m\n                      \u001b[36m<path\u001b[39m\n                        \u001b[33md\u001b[39m=\u001b[32m\"M12 1a3 3 0 0 0-3 3v8a3 3 0 0 0 6 0V4a3 3 0 0 0-3-3z\"\u001b[39m\n                      \u001b[36m/>\u001b[39m\n                      \u001b[36m<path\u001b[39m\n                        \u001b[33md\u001b[39m=\u001b[32m\"M19 10v2a7 7 0 0 1-14 0v-2\"\u001b[39m\n                      \u001b[36m/>\u001b[39m\n                      \u001b[36m<line\u001b[39m\n                        \u001b[33mx1\u001b[39m=\u001b[32m\"12\"\u001b[39m\n                        \u001b[33mx2\u001b[39m=\u001b[32m\"12\"\u001b[39m\n                        \u001b[33my1\u001b[39m=\u001b[32m\"19\"\u001b[39m\n                        \u001b[33my2\u001b[39m=\u001b[32m\"23\"\u001b[39m\n                      \u001b[36m/>\u001b[39m\n                      \u001b[36m<line\u001b[39m\n                        \u001b[33mx1\u001b[39m=\u001b[32m\"8\"\u001b[39m\n                        \u001b[33mx2\u001b[39m=\u001b[32m\"16\"\u001b[39m\n                        \u001b[33my1\u001b[39m=\u001b[32m\"23\"\u001b[39m\n                        \u001b[33my2\u001b[39m=\u001b[32m\"23\"\u001b[39m\n                      \u001b[36m/>\u001b[39m\n                    \u001b[36m</svg>\u001b[39m\n                  \u001b[36m</button>\u001b[39m\n                  \u001b[36m<button\u001b[39m\n                    \u001b[33mclass\u001b[39m=\u001b[32m\"p-3 rounded-full transition-all duration-300 bg-primary text-primary-foreground\"\u001b[39m\n                    \u001b[33mtype\u001b[39m=\u001b[32m\"button\"\u001b[39m\n                  \u001b[36m>\u001b[39m\n                    \u001b[36m<svg\u001b[39m\n                      \u001b[33mfill\u001b[39m=\u001b[32m\"none\"\u001b[39m\n                      \u001b[33mheight\u001b[39m=\u001b[32m\"18\"\u001b[39m\n                      \u001b[33mstroke\u001b[39m=\u001b[32m\"currentColor\"\u001b[39m\n                      \u001b[33mstroke-linecap\u001b[39m=\u001b[32m\"round\"\u001b[39m\n                      \u001b[33mstroke-linejoin\u001b[39m=\u001b[32m\"round\"\u001b[39m\n                      \u001b[33mstroke-width\u001b[39m=\u001b[32m\"2\"\u001b[39m\n                      \u001b[33mviewBox\u001b[39m=\u001b[32m\"0 0 24 24\"\u001b[39m\n                      \u001b[33mwidth\u001b[39m=\u001b[32m\"18\"\u001b[39m\n                      \u001b[33mxmlns\u001b[39m=\u001b[32m\"http://www.w3.org/2000/svg\"\u001b[39m\n                    \u001b[36m>\u001b[39m\n                      \u001b[36m<polygon\u001b[39m\n                        \u001b[33mpoints\u001b[39m=\u001b[32m\"23 7 16 12 23 17 23 7\"\u001b[39m\n                      \u001b[36m/>\u001b[39m\n                      \u001b[36m<rect\u001b[39m\n                        \u001b[33mheight\u001b[39m=\u001b[32m\"14\"\u001b[39m\n                        \u001b[33mrx\u001b[39m=\u001b[32m\"2\"\u001b[39m\n                        \u001b[33mry\u001b[39m=\u001b[32m\"2\"\u001b[39m\n                        \u001b[33mwidth\u001b[39m=\u001b[32m\"15\"\u001b[39m\n                        \u001b[33mx\u001b[39m=\u001b[32m\"1\"\u001b[39m\n                        \u001b[33my\u001b[39m=\u001b[32m\"5\"\u001b[39m\n                      \u001b[36m/>\u001b[39m\n                    \u001b[36m</svg>\u001b[39m\n                  \u001b[36m</button>\u001b[39m\n                \u001b[36m</div>\u001b[39m\n              \u001b[36m</div>\u001b[39m\n            \u001b[36m</div>\u001b[39m\n            \u001b[36m<div\u001b[39m\n              \u001b[33mclass\u001b[39m=\u001b[32m\"space-y-6\"\u001b[39m\n            \u001b[36m>\u001b[39m\n              \u001b[36m<div>\u001b[39m\n                \u001b[36m<span\u001b[39m\n                  \u001b[33mclass\u001b[39m=\u001b[32m\"text-xs font-semibold tracking-wider text-primary uppercase\"\u001b[39m\n                \u001b[36m>\u001b[39m\n                  \u001b[0mJoining Meeting\u001b[0m\n                \u001b[36m</span>\u001b[39m\n                \u001b[36m<h2\u001b[39m\n                  \u001b[33mclass\u001b[39m=\u001b[32m\"text-3xl font-extrabold tracking-tight mt-1\"\u001b[39m\n                \u001b[36m>\u001b[39m\n                  \u001b[0mLocked Operational Channel\u001b[0m\n                \u001b[36m</h2>\u001b[39m\n                \u001b[36m<p\u001b[39m\n                  \u001b[33mclass\u001b[39m=\u001b[32m\"text-sm text-muted-foreground mt-2\"\u001b[39m\n                \u001b[36m>\u001b[39m\n                  \u001b[0mPrepare your name and check your device settings before entering the room.\u001b[0m\n                \u001b[36m</p>\u001b[39m\n              \u001b[36m</div>\u001b[39m\n              \u001b[36m<form\u001b[39m\n                \u001b[33mclass\u001b[39m=\u001b[32m\"space-y-4\"\u001b[39m\n              \u001b[36m>\u001b[39m\n                \u001b[36m<div>\u001b[39m\n                  \u001b[36m<label\u001b[39m\n                    \u001b[33mclass\u001b[39m=\u001b[32m\"block text-xs font-semibold text-muted-foreground uppercase mb-2\"\u001b[39m\n                    \u001b[33mfor\u001b[39m=\u001b[32m\"display-name\"\u001b[39m\n                  \u001b[36m>\u001b[39m\n                    \u001b[0mYour Display Name\u001b[0m\n                  \u001b[36m</label>\u001b[39m\n                  \u001b[36m<input\u001b[39m\n                    \u001b[33mclass\u001b[39m=\u001b[32m\"w-full bg-background/50 border border-border rounded-xl px-4 py-3 outline-none focus:ring-2 focus:ring-primary/50 transition-all duration-300 font-medium\"\u001b[39m\n                    \u001b[33mid\u001b[39m=\u001b[32m\"display-name\"\u001b[39m\n                    \u001b[33mplaceholder\u001b[39m=\u001b[32m\"Enter display name...\"\u001b[39m\n                    \u001b[33mrequired\u001b[39m=\u001b[32m\"\"\u001b[39m\n                    \u001b[33mtype\u001b[39m=\u001b[32m\"text\"\u001b[39m\n                    \u001b[33mvalue\u001b[39m=\u001b[32m\"Bob\"\u001b[39m\n                  \u001b[36m/>\u001b[39m\n                \u001b[36m</div>\u001b[39m\n                \u001b[36m<div>\u001b[39m\n                  \u001b[36m<label\u001b[39m\n                    \u001b[33mclass\u001b[39m=\u001b[32m\"block text-xs font-semibold text-muted-foreground uppercase mb-2\"\u001b[39m\n                    \u001b[33mfor\u001b[39m=\u001b[32m\"room-password\"\u001b[39m\n                  \u001b[36m>\u001b[39m\n                    \u001b[0mSecurity Room Password\u001b[0m\n                  \u001b[36m</label>\u001b[39m\n                  \u001b[36m<input\u001b[39m\n                    \u001b[33mclass\u001b[39m=\u001b[32m\"w-full bg-background/50 border border-border rounded-xl px-4 py-3 outline-none focus:ring-2 focus:ring-primary/50 transition-all duration-300 font-medium\"\u001b[39m\n                    \u001b[33mid\u001b[39m=\u001b[32m\"room-password\"\u001b[39m\n                    \u001b[33mplaceholder\u001b[39m=\u001b[32m\"Enter room password...\"\u001b[39m\n                    \u001b[33mrequired\u001b[39m=\u001b[32m\"\"\u001b[39m\n                    \u001b[33mtype\u001b[39m=\u001b[32m\"password\"\u001b[39m\n                    \u001b[33mvalue\u001b[39m=\u001b[32m\"correct_password\"\u001b[39m\n                  \u001b[36m/>\u001b[39m\n                \u001b[36m</div>\u001b[39m\n                \u001b[36m<button\u001b[39m\n                  \u001b[33mclass\u001b[39m=\u001b[32m\"w-full group py-4 bg-primary text-primary-foreground font-semibold rounded-xl flex items-center justify-center space-x-2 shadow-lg shadow-primary/30 hover:shadow-primary/50 hover:scale-[1.02] active:scale-[0.98] transition-all duration-300 disabled:opacity-50 disabled:cursor-not-allowed disabled:hover:scale-100 disabled:hover:shadow-none\"\u001b[39m\n                  \u001b[33mtype\u001b[39m=\u001b[32m\"submit\"\u001b[39m\n                \u001b[36m>\u001b[39m\n                  \u001b[36m<span>\u001b[39m\n                    \u001b[0mJoin Room\u001b[0m\n                  \u001b[36m</span>\u001b[39m\n                  \u001b[36m<svg\u001b[39m\n                    \u001b[33mclass\u001b[39m=\u001b[32m\"group-hover:translate-x-1 transition-transform\"\u001b[39m\n                    \u001b[33mfill\u001b[39m=\u001b[32m\"none\"\u001b[39m\n                    \u001b[33mheight\u001b[39m=\u001b[32m\"1em\"\u001b[39m\n                    \u001b[33mstroke\u001b[39m=\u001b[32m\"currentColor\"\u001b[39m\n                    \u001b[33mstroke-linecap\u001b[39m=\u001b[32m\"round\"\u001b[39m\n                    \u001b[33mstroke-linejoin\u001b[39m=\u001b[32m\"round\"\u001b[39m\n                    \u001b[33mstroke-width\u001b[39m=\u001b[32m\"2\"\u001b[39m\n                    \u001b[33mviewBox\u001b[39m=\u001b[32m\"0 0 24 24\"\u001b[39m\n                    \u001b[33mwidth\u001b[39m=\u001b[32m\"1em\"\u001b[39m\n                    \u001b[33mxmlns\u001b[39m=\u001b[32m\"http://www.w3.org/2000/svg\"\u001b[39m\n                  \u001b[36m>\u001b[39m\n                    \u001b[36m<line\u001b[39m\n                      \u001b[33mx1\u001b[39m=\u001b[32m\"5\"\u001b[39m\n                      \u001b[33mx2\u001b[39m=\u001b[32m\"19\"\u001b[39m\n                      \u001b[33my1\u001b[39m=\u001b[32m\"12\"\u001b[39m\n                      \u001b[33my2\u001b[39m=\u001b[32m\"12\"\u001b[39m\n                    \u001b[36m/>\u001b[39m\n                    \u001b[36m<polyline\u001b[39m\n                      \u001b[33mpoints\u001b[39m=\u001b[32m\"12 5 19 12 12 19\"\u001b[39m\n                    \u001b[36m/>\u001b[39m\n                  \u001b[36m</svg>\u001b[39m\n                \u001b[36m</button>\u001b[39m\n              \u001b[36m</form>\u001b[39m\n            \u001b[36m</div>\u001b[39m\n          \u001b[36m</div>\u001b[39m\n        \u001b[36m</div>\u001b[39m\n      \u001b[36m</div>\u001b[39m\n    \u001b[36m</body>\u001b[39m\n\n    \u001b[0m \u001b[90m 161 |\u001b[39m\n     \u001b[90m 162 |\u001b[39m     \u001b[90m// Verify participant is logged into secure room\u001b[39m\n    \u001b[31m\u001b[1m>\u001b[22m\u001b[39m\u001b[90m 163 |\u001b[39m     \u001b[36mawait\u001b[39m waitFor(() \u001b[33m=>\u001b[39m {\n     \u001b[90m     |\u001b[39m                  \u001b[31m\u001b[1m^\u001b[22m\u001b[39m\n     \u001b[90m 164 |\u001b[39m       expect(screen\u001b[33m.\u001b[39mgetByText(\u001b[32m'Bob (You)'\u001b[39m))\u001b[33m.\u001b[39mtoBeInTheDocument()\u001b[33m;\u001b[39m\n     \u001b[90m 165 |\u001b[39m     })\u001b[33m;\u001b[39m\n     \u001b[90m 166 |\u001b[39m   })\u001b[33m;\u001b[39m\u001b[0m\n\n      at waitForWrapper (C:\\Users\\oomka\\OneDrive\\Desktop\\New folder (2)../../../../../../linkup/node_modules/@testing-library/dom/dist/wait-for.js:163:27)\n      at Object.<anonymous> (C:\\Users\\oomka\\OneDrive\\Desktop\\New folder (2)../../../../../../linkup/__tests__/webrtc-advanced.test.tsx:163:18)\n\n  ● Advanced WebRTC and Encryption Layer Integration Test Suite › triggers local screen sharing session and swaps track dynamically across peer connections\n\n    Unable to find a label with the text of: Toggle Screen Sharing\n\n    Ignored nodes: comments, script, style\n    \u001b[36m<body>\u001b[39m\n      \u001b[36m<div>\u001b[39m\n        \u001b[36m<div\u001b[39m\n          \u001b[33mclass\u001b[39m=\u001b[32m\"min-h-screen flex flex-col items-center justify-center p-4 relative overflow-hidden\"\u001b[39m\n        \u001b[36m>\u001b[39m\n          \u001b[36m<div\u001b[39m\n            \u001b[33mclass\u001b[39m=\u001b[32m\"absolute top-1/4 left-1/4 w-96 h-96 bg-primary/20 rounded-full mix-blend-multiply filter blur-3xl opacity-70 animate-blob\"\u001b[39m\n          \u001b[36m/>\u001b[39m\n          \u001b[36m<div\u001b[39m\n            \u001b[33mclass\u001b[39m=\u001b[32m\"absolute top-1/3 right-1/4 w-96 h-96 bg-accent/20 rounded-full mix-blend-multiply filter blur-3xl opacity-70 animate-blob\"\u001b[39m\n            \u001b[33mstyle\u001b[39m=\u001b[32m\"animation-delay: 2s;\"\u001b[39m\n          \u001b[36m/>\u001b[39m\n          \u001b[36m<div\u001b[39m\n            \u001b[33mclass\u001b[39m=\u001b[32m\"relative z-10 w-full max-w-3xl glass rounded-3xl p-8 shadow-2xl border border-border/50 grid grid-cols-1 md:grid-cols-2 gap-8 items-center\"\u001b[39m\n          \u001b[36m>\u001b[39m\n            \u001b[36m<div\u001b[39m\n              \u001b[33mclass\u001b[39m=\u001b[32m\"flex flex-col items-center space-y-4\"\u001b[39m\n            \u001b[36m>\u001b[39m\n              \u001b[36m<div\u001b[39m\n                \u001b[33mclass\u001b[39m=\u001b[32m\"relative w-full aspect-video bg-black/40 rounded-2xl overflow-hidden border border-border/60 shadow-inner flex items-center justify-center\"\u001b[39m\n              \u001b[36m>\u001b[39m\n                \u001b[36m<div\u001b[39m\n                  \u001b[33mclass\u001b[39m=\u001b[32m\"text-muted-foreground flex flex-col items-center space-y-2\"\u001b[39m\n                \u001b[36m>\u001b[39m\n                  \u001b[36m<div\u001b[39m\n                    \u001b[33mclass\u001b[39m=\u001b[32m\"w-16 h-16 bg-muted rounded-full flex items-center justify-center\"\u001b[39m\n                  \u001b[36m>\u001b[39m\n                    \u001b[36m<svg\u001b[39m\n                      \u001b[33mfill\u001b[39m=\u001b[32m\"none\"\u001b[39m\n                      \u001b[33mheight\u001b[39m=\u001b[32m\"28\"\u001b[39m\n                      \u001b[33mstroke\u001b[39m=\u001b[32m\"currentColor\"\u001b[39m\n                      \u001b[33mstroke-linecap\u001b[39m=\u001b[32m\"round\"\u001b[39m\n                      \u001b[33mstroke-linejoin\u001b[39m=\u001b[32m\"round\"\u001b[39m\n                      \u001b[33mstroke-width\u001b[39m=\u001b[32m\"2\"\u001b[39m\n                      \u001b[33mviewBox\u001b[39m=\u001b[32m\"0 0 24 24\"\u001b[39m\n                      \u001b[33mwidth\u001b[39m=\u001b[32m\"28\"\u001b[39m\n                      \u001b[33mxmlns\u001b[39m=\u001b[32m\"http://www.w3.org/2000/svg\"\u001b[39m\n                    \u001b[36m>\u001b[39m\n                      \u001b[36m<path\u001b[39m\n                        \u001b[33md\u001b[39m=\u001b[32m\"M16 16v1a2 2 0 0 1-2 2H3a2 2 0 0 1-2-2V7a2 2 0 0 1 2-2h2m5.66 0H14a2 2 0 0 1 2 2v3.34l1 1L23 7v10\"\u001b[39m\n                      \u001b[36m/>\u001b[39m\n                      \u001b[36m<line\u001b[39m\n                        \u001b[33mx1\u001b[39m=\u001b[32m\"1\"\u001b[39m\n                        \u001b[33mx2\u001b[39m=\u001b[32m\"23\"\u001b[39m\n                        \u001b[33my1\u001b[39m=\u001b[32m\"1\"\u001b[39m\n                        \u001b[33my2\u001b[39m=\u001b[32m\"23\"\u001b[39m\n                      \u001b[36m/>\u001b[39m\n                    \u001b[36m</svg>\u001b[39m\n                  \u001b[36m</div>\u001b[39m\n                  \u001b[36m<span\u001b[39m\n                    \u001b[33mclass\u001b[39m=\u001b[32m\"text-sm\"\u001b[39m\n                  \u001b[36m>\u001b[39m\n                    \u001b[0mCamera is off\u001b[0m\n                  \u001b[36m</span>\u001b[39m\n                \u001b[36m</div>\u001b[39m\n                \u001b[36m<div\u001b[39m\n                  \u001b[33mclass\u001b[39m=\u001b[32m\"absolute bottom-4 left-1/2 -translate-x-1/2 flex items-center space-x-3 bg-black/60 backdrop-blur-md px-4 py-2 rounded-full border border-white/10\"\u001b[39m\n                \u001b[36m>\u001b[39m\n                  \u001b[36m<button\u001b[39m\n                    \u001b[33mclass\u001b[39m=\u001b[32m\"p-3 rounded-full transition-all duration-300 bg-primary text-primary-foreground\"\u001b[39m\n                    \u001b[33mtype\u001b[39m=\u001b[32m\"button\"\u001b[39m\n                  \u001b[36m>\u001b[39m\n                    \u001b[36m<svg\u001b[39m\n                      \u001b[33mfill\u001b[39m=\u001b[32m\"none\"\u001b[39m\n                      \u001b[33mheight\u001b[39m=\u001b[32m\"18\"\u001b[39m\n                      \u001b[33mstroke\u001b[39m=\u001b[32m\"currentColor\"\u001b[39m\n                      \u001b[33mstroke-linecap\u001b[39m=\u001b[32m\"round\"\u001b[39m\n                      \u001b[33mstroke-linejoin\u001b[39m=\u001b[32m\"round\"\u001b[39m\n                      \u001b[33mstroke-width\u001b[39m=\u001b[32m\"2\"\u001b[39m\n                      \u001b[33mviewBox\u001b[39m=\u001b[32m\"0 0 24 24\"\u001b[39m\n                      \u001b[33mwidth\u001b[39m=\u001b[32m\"18\"\u001b[39m\n                      \u001b[33mxmlns\u001b[39m=\u001b[32m\"http://www.w3.org/2000/svg\"\u001b[39m\n                    \u001b[36m>\u001b[39m\n                      \u001b[36m<path\u001b[39m\n                        \u001b[33md\u001b[39m=\u001b[32m\"M12 1a3 3 0 0 0-3 3v8a3 3 0 0 0 6 0V4a3 3 0 0 0-3-3z\"\u001b[39m\n                      \u001b[36m/>\u001b[39m\n                      \u001b[36m<path\u001b[39m\n                        \u001b[33md\u001b[39m=\u001b[32m\"M19 10v2a7 7 0 0 1-14 0v-2\"\u001b[39m\n                      \u001b[36m/>\u001b[39m\n                      \u001b[36m<line\u001b[39m\n                        \u001b[33mx1\u001b[39m=\u001b[32m\"12\"\u001b[39m\n                        \u001b[33mx2\u001b[39m=\u001b[32m\"12\"\u001b[39m\n                        \u001b[33my1\u001b[39m=\u001b[32m\"19\"\u001b[39m\n                        \u001b[33my2\u001b[39m=\u001b[32m\"23\"\u001b[39m\n                      \u001b[36m/>\u001b[39m\n                      \u001b[36m<line\u001b[39m\n                        \u001b[33mx1\u001b[39m=\u001b[32m\"8\"\u001b[39m\n                        \u001b[33mx2\u001b[39m=\u001b[32m\"16\"\u001b[39m\n                        \u001b[33my1\u001b[39m=\u001b[32m\"23\"\u001b[39m\n                        \u001b[33my2\u001b[39m=\u001b[32m\"23\"\u001b[39m\n                      \u001b[36m/>\u001b[39m\n                    \u001b[36m</svg>\u001b[39m\n                  \u001b[36m</button>\u001b[39m\n                  \u001b[36m<button\u001b[39m\n                    \u001b[33mclass\u001b[39m=\u001b[32m\"p-3 rounded-full transition-all duration-300 bg-primary text-primary-foreground\"\u001b[39m\n                    \u001b[33mtype\u001b[39m=\u001b[32m\"button\"\u001b[39m\n                  \u001b[36m>\u001b[39m\n                    \u001b[36m<svg\u001b[39m\n                      \u001b[33mfill\u001b[39m=\u001b[32m\"none\"\u001b[39m\n                      \u001b[33mheight\u001b[39m=\u001b[32m\"18\"\u001b[39m\n                      \u001b[33mstroke\u001b[39m=\u001b[32m\"currentColor\"\u001b[39m\n                      \u001b[33mstroke-linecap\u001b[39m=\u001b[32m\"round\"\u001b[39m\n                      \u001b[33mstroke-linejoin\u001b[39m=\u001b[32m\"round\"\u001b[39m\n                      \u001b[33mstroke-width\u001b[39m=\u001b[32m\"2\"\u001b[39m\n                      \u001b[33mviewBox\u001b[39m=\u001b[32m\"0 0 24 24\"\u001b[39m\n                      \u001b[33mwidth\u001b[39m=\u001b[32m\"18\"\u001b[39m\n                      \u001b[33mxmlns\u001b[39m=\u001b[32m\"http://www.w3.org/2000/svg\"\u001b[39m\n                    \u001b[36m>\u001b[39m\n                      \u001b[36m<polygon\u001b[39m\n                        \u001b[33mpoints\u001b[39m=\u001b[32m\"23 7 16 12 23 17 23 7\"\u001b[39m\n                      \u001b[36m/>\u001b[39m\n                      \u001b[36m<rect\u001b[39m\n                        \u001b[33mheight\u001b[39m=\u001b[32m\"14\"\u001b[39m\n                        \u001b[33mrx\u001b[39m=\u001b[32m\"2\"\u001b[39m\n                        \u001b[33mry\u001b[39m=\u001b[32m\"2\"\u001b[39m\n                        \u001b[33mwidth\u001b[39m=\u001b[32m\"15\"\u001b[39m\n                        \u001b[33mx\u001b[39m=\u001b[32m\"1\"\u001b[39m\n                        \u001b[33my\u001b[39m=\u001b[32m\"5\"\u001b[39m\n                      \u001b[36m/>\u001b[39m\n                    \u001b[36m</svg>\u001b[39m\n                  \u001b[36m</button>\u001b[39m\n                \u001b[36m</div>\u001b[39m\n              \u001b[36m</div>\u001b[39m\n            \u001b[36m</div>\u001b[39m\n            \u001b[36m<div\u001b[39m\n              \u001b[33mclass\u001b[39m=\u001b[32m\"space-y-6\"\u001b[39m\n            \u001b[36m>\u001b[39m\n              \u001b[36m<div>\u001b[39m\n                \u001b[36m<span\u001b[39m\n                  \u001b[33mclass\u001b[39m=\u001b[32m\"text-xs font-semibold tracking-wider text-primary uppercase\"\u001b[39m\n                \u001b[36m>\u001b[39m\n                  \u001b[0mJoining Meeting\u001b[0m\n                \u001b[36m</span>\u001b[39m\n                \u001b[36m<h2\u001b[39m\n                  \u001b[33mclass\u001b[39m=\u001b[32m\"text-3xl font-extrabold tracking-tight mt-1\"\u001b[39m\n                \u001b[36m>\u001b[39m\n                  \u001b[0mWidescreen Workspace Channel\u001b[0m\n                \u001b[36m</h2>\u001b[39m\n                \u001b[36m<p\u001b[39m\n                  \u001b[33mclass\u001b[39m=\u001b[32m\"text-sm text-muted-foreground mt-2\"\u001b[39m\n                \u001b[36m>\u001b[39m\n                  \u001b[0mPrepare your name and check your device settings before entering the room.\u001b[0m\n                \u001b[36m</p>\u001b[39m\n              \u001b[36m</div>\u001b[39m\n              \u001b[36m<form\u001b[39m\n                \u001b[33mclass\u001b[39m=\u001b[32m\"space-y-4\"\u001b[39m\n              \u001b[36m>\u001b[39m\n                \u001b[36m<div>\u001b[39m\n                  \u001b[36m<label\u001b[39m\n                    \u001b[33mclass\u001b[39m=\u001b[32m\"block text-xs font-semibold text-muted-foreground uppercase mb-2\"\u001b[39m\n                    \u001b[33mfor\u001b[39m=\u001b[32m\"display-name\"\u001b[39m\n                  \u001b[36m>\u001b[39m\n                    \u001b[0mYour Display Name\u001b[0m\n                  \u001b[36m</label>\u001b[39m\n                  \u001b[36m<input\u001b[39m\n                    \u001b[33mclass\u001b[39m=\u001b[32m\"w-full bg-background/50 border border-border rounded-xl px-4 py-3 outline-none focus:ring-2 focus:ring-primary/50 transition-all duration-300 font-medium\"\u001b[39m\n                    \u001b[33mid\u001b[39m=\u001b[32m\"display-name\"\u001b[39m\n                    \u001b[33mplaceholder\u001b[39m=\u001b[32m\"Enter display name...\"\u001b[39m\n                    \u001b[33mrequired\u001b[39m=\u001b[32m\"\"\u001b[39m\n                    \u001b[33mtype\u001b[39m=\u001b[32m\"text\"\u001b[39m\n                    \u001b[33mvalue\u001b[39m=\u001b[32m\"Charlie\"\u001b[39m\n                  \u001b[36m/>\u001b[39m\n                \u001b[36m</div>\u001b[39m\n                \u001b[36m<button\u001b[39m\n                  \u001b[33mclass\u001b[39m=\u001b[32m\"w-full group py-4 bg-primary text-primary-foreground font-semibold rounded-xl flex items-center justify-center space-x-2 shadow-lg shadow-primary/30 hover:shadow-primary/50 hover:scale-[1.02] active:scale-[0.98] transition-all duration-300 disabled:opacity-50 disabled:cursor-not-allowed disabled:hover:scale-100 disabled:hover:shadow-none\"\u001b[39m\n                  \u001b[33mtype\u001b[39m=\u001b[32m\"submit\"\u001b[39m\n                \u001b[36m>\u001b[39m\n                  \u001b[36m<span>\u001b[39m\n                    \u001b[0mJoin Room\u001b[0m\n                  \u001b[36m</span>\u001b[39m\n                  \u001b[36m<svg\u001b[39m\n                    \u001b[33mclass\u001b[39m=\u001b[32m\"group-hover:translate-x-1 transition-transform\"\u001b[39m\n                    \u001b[33mfill\u001b[39m=\u001b[32m\"none\"\u001b[39m\n                    \u001b[33mheight\u001b[39m=\u001b[32m\"1em\"\u001b[39m\n                    \u001b[33mstroke\u001b[39m=\u001b[32m\"currentColor\"\u001b[39m\n                    \u001b[33mstroke-linecap\u001b[39m=\u001b[32m\"round\"\u001b[39m\n                    \u001b[33mstroke-linejoin\u001b[39m=\u001b[32m\"round\"\u001b[39m\n                    \u001b[33mstroke-width\u001b[39m=\u001b[32m\"2\"\u001b[39m\n                    \u001b[33mviewBox\u001b[39m=\u001b[32m\"0 0 24 24\"\u001b[39m\n                    \u001b[33mwidth\u001b[39m=\u001b[32m\"1em\"\u001b[39m\n                    \u001b[33mxmlns\u001b[39m=\u001b[32m\"http://www.w3.org/2000/svg\"\u001b[39m\n                  \u001b[36m>\u001b[39m\n                    \u001b[36m<line\u001b[39m\n                      \u001b[33mx1\u001b[39m=\u001b[32m\"5\"\u001b[39m\n                      \u001b[33mx2\u001b[39m=\u001b[32m\"19\"\u001b[39m\n                      \u001b[33my1\u001b[39m=\u001b[32m\"12\"\u001b[39m\n                      \u001b[33my2\u001b[39m=\u001b[32m\"12\"\u001b[39m\n                    \u001b[36m/>\u001b[39m\n                    \u001b[36m<polyline\u001b[39m\n                      \u001b[33mpoints\u001b[39m=\u001b[32m\"12 5 19 12 12 19\"\u001b[39m\n                    \u001b[36m/>\u001b[39m\n                  \u001b[36m</svg>\u001b[39m\n                \u001b[36m</button>\u001b[39m\n              \u001b[36m</form>\u001b[39m\n            \u001b[36m</div>\u001b[39m\n          \u001b[36m</div>\u001b[39m\n        \u001b[36m</div>\u001b[39m\n      \u001b[36m</div>\u001b[39m\n    \u001b[36m</body>\u001b[39m\n\n    \u001b[0m \u001b[90m 202 |\u001b[39m\n     \u001b[90m 203 |\u001b[39m     \u001b[90m// Expect controls panel to load\u001b[39m\n    \u001b[31m\u001b[1m>\u001b[22m\u001b[39m\u001b[90m 204 |\u001b[39m     \u001b[36mawait\u001b[39m waitFor(() \u001b[33m=>\u001b[39m {\n     \u001b[90m     |\u001b[39m                  \u001b[31m\u001b[1m^\u001b[22m\u001b[39m\n     \u001b[90m 205 |\u001b[39m       expect(screen\u001b[33m.\u001b[39mgetByLabelText(\u001b[32m'Toggle Screen Sharing'\u001b[39m))\u001b[33m.\u001b[39mtoBeInTheDocument()\u001b[33m;\u001b[39m\n     \u001b[90m 206 |\u001b[39m     })\u001b[33m;\u001b[39m\n     \u001b[90m 207 |\u001b[39m\u001b[0m\n\n      at waitForWrapper (C:\\Users\\oomka\\OneDrive\\Desktop\\New folder (2)../../../../../../linkup/node_modules/@testing-library/dom/dist/wait-for.js:163:27)\n      at Object.<anonymous> (C:\\Users\\oomka\\OneDrive\\Desktop\\New folder (2)../../../../../../linkup/__tests__/webrtc-advanced.test.tsx:204:18)\n\n  ● Advanced WebRTC and Encryption Layer Integration Test Suite › renders interactive visual telemetry speedometers and triggers hover telemetry HUD cards\n\n    Unable to find an element by: [data-testid=\"telemetry-local\"]\n\n    Ignored nodes: comments, script, style\n    \u001b[36m<body>\u001b[39m\n      \u001b[36m<div>\u001b[39m\n        \u001b[36m<div\u001b[39m\n          \u001b[33mclass\u001b[39m=\u001b[32m\"min-h-screen flex flex-col items-center justify-center p-4 relative overflow-hidden\"\u001b[39m\n        \u001b[36m>\u001b[39m\n          \u001b[36m<div\u001b[39m\n            \u001b[33mclass\u001b[39m=\u001b[32m\"absolute top-1/4 left-1/4 w-96 h-96 bg-primary/20 rounded-full mix-blend-multiply filter blur-3xl opacity-70 animate-blob\"\u001b[39m\n          \u001b[36m/>\u001b[39m\n          \u001b[36m<div\u001b[39m\n            \u001b[33mclass\u001b[39m=\u001b[32m\"absolute top-1/3 right-1/4 w-96 h-96 bg-accent/20 rounded-full mix-blend-multiply filter blur-3xl opacity-70 animate-blob\"\u001b[39m\n            \u001b[33mstyle\u001b[39m=\u001b[32m\"animation-delay: 2s;\"\u001b[39m\n          \u001b[36m/>\u001b[39m\n          \u001b[36m<div\u001b[39m\n            \u001b[33mclass\u001b[39m=\u001b[32m\"relative z-10 w-full max-w-3xl glass rounded-3xl p-8 shadow-2xl border border-border/50 grid grid-cols-1 md:grid-cols-2 gap-8 items-center\"\u001b[39m\n          \u001b[36m>\u001b[39m\n            \u001b[36m<div\u001b[39m\n              \u001b[33mclass\u001b[39m=\u001b[32m\"flex flex-col items-center space-y-4\"\u001b[39m\n            \u001b[36m>\u001b[39m\n              \u001b[36m<div\u001b[39m\n                \u001b[33mclass\u001b[39m=\u001b[32m\"relative w-full aspect-video bg-black/40 rounded-2xl overflow-hidden border border-border/60 shadow-inner flex items-center justify-center\"\u001b[39m\n              \u001b[36m>\u001b[39m\n                \u001b[36m<div\u001b[39m\n                  \u001b[33mclass\u001b[39m=\u001b[32m\"text-muted-foreground flex flex-col items-center space-y-2\"\u001b[39m\n                \u001b[36m>\u001b[39m\n                  \u001b[36m<div\u001b[39m\n                    \u001b[33mclass\u001b[39m=\u001b[32m\"w-16 h-16 bg-muted rounded-full flex items-center justify-center\"\u001b[39m\n                  \u001b[36m>\u001b[39m\n                    \u001b[36m<svg\u001b[39m\n                      \u001b[33mfill\u001b[39m=\u001b[32m\"none\"\u001b[39m\n                      \u001b[33mheight\u001b[39m=\u001b[32m\"28\"\u001b[39m\n                      \u001b[33mstroke\u001b[39m=\u001b[32m\"currentColor\"\u001b[39m\n                      \u001b[33mstroke-linecap\u001b[39m=\u001b[32m\"round\"\u001b[39m\n                      \u001b[33mstroke-linejoin\u001b[39m=\u001b[32m\"round\"\u001b[39m\n                      \u001b[33mstroke-width\u001b[39m=\u001b[32m\"2\"\u001b[39m\n                      \u001b[33mviewBox\u001b[39m=\u001b[32m\"0 0 24 24\"\u001b[39m\n                      \u001b[33mwidth\u001b[39m=\u001b[32m\"28\"\u001b[39m\n                      \u001b[33mxmlns\u001b[39m=\u001b[32m\"http://www.w3.org/2000/svg\"\u001b[39m\n                    \u001b[36m>\u001b[39m\n                      \u001b[36m<path\u001b[39m\n                        \u001b[33md\u001b[39m=\u001b[32m\"M16 16v1a2 2 0 0 1-2 2H3a2 2 0 0 1-2-2V7a2 2 0 0 1 2-2h2m5.66 0H14a2 2 0 0 1 2 2v3.34l1 1L23 7v10\"\u001b[39m\n                      \u001b[36m/>\u001b[39m\n                      \u001b[36m<line\u001b[39m\n                        \u001b[33mx1\u001b[39m=\u001b[32m\"1\"\u001b[39m\n                        \u001b[33mx2\u001b[39m=\u001b[32m\"23\"\u001b[39m\n                        \u001b[33my1\u001b[39m=\u001b[32m\"1\"\u001b[39m\n                        \u001b[33my2\u001b[39m=\u001b[32m\"23\"\u001b[39m\n                      \u001b[36m/>\u001b[39m\n                    \u001b[36m</svg>\u001b[39m\n                  \u001b[36m</div>\u001b[39m\n                  \u001b[36m<span\u001b[39m\n                    \u001b[33mclass\u001b[39m=\u001b[32m\"text-sm\"\u001b[39m\n                  \u001b[36m>\u001b[39m\n              
[...]
[39m=\u001b[32m\"space-y-6\"\u001b[39m\n            \u001b[36m>\u001b[39m\n              \u001b[36m<div>\u001b[39m\n                \u001b[36m<span\u001b[39m\n                  \u001b[33mclass\u001b[39m=\u001b[32m\"text-xs font-semibold tracking-wider text-primary uppercase\"\u001b[39m\n                \u001b[36m>\u001b[39m\n                  \u001b[0mJoining Meeting\u001b[0m\n                \u001b[36m</span>\u001b[39m\n                \u001b[36m<h2\u001b[39m\n                  \u001b[33mclass\u001b[39m=\u001b[32m\"text-3xl font-extrabold tracking-tight mt-1\"\u001b[39m\n                \u001b[36m>\u001b[39m\n                  \u001b[0mTelemetry Diagnostics Channel\u001b[0m\n                \u001b[36m</h2>\u001b[39m\n                \u001b[36m<p\u001b[39m\n                  \u001b[33mclass\u001b[39m=\u001b[32m\"text-sm text-muted-foreground mt-2\"\u001b[39m\n                \u001b[36m>\u001b[39m\n                  \u001b[0mPrepare your name and check your device settings before entering the room.\u001b[0m\n                \u001b[36m</p>\u001b[39m\n              \u001b[36m</div>\u001b[39m\n              \u001b[36m<form\u001b[39m\n                \u001b[33mclass\u001b[39m=\u001b[32m\"space-y-4\"\u001b[39m\n              \u001b[36m>\u001b[39m\n                \u001b[36m<div>\u001b[39m\n                  \u001b[36m<label\u001b[39m\n                    \u001b[33mclass\u001b[39m=\u001b[32m\"block text-xs font-semibold text-muted-foreground uppercase mb-2\"\u001b[39m\n                    \u001b[33mfor\u001b[39m=\u001b[32m\"display-name\"\u001b[39m\n                  \u001b[36m>\u001b[39m\n                    \u001b[0mYour Display Name\u001b[0m\n                  \u001b[36m</label>\u001b[39m\n                  \u001b[36m<input\u001b[39m\n                    \u001b[33mclass\u001b[39m=\u001b[32m\"w-full bg-background/50 border border-border rounded-xl px-4 py-3 outline-none focus:ring-2 focus:ring-primary/50 transition-all duration-300 font-medium\"\u001b[39m\n                    \u001b[33mid\u001b[39m=\u001b[32m\"display-name\"\u001b[39m\n                    \u001b[33mplaceholder\u001b[39m=\u001b[32m\"Enter display name...\"\u001b[39m\n                    \u001b[33mrequired\u001b[39m=\u001b[32m\"\"\u001b[39m\n                    \u001b[33mtype\u001b[39m=\u001b[32m\"text\"\u001b[39m\n                    \u001b[33mvalue\u001b[39m=\u001b[32m\"Delta\"\u001b[39m\n                  \u001b[36m/>\u001b[39m\n                \u001b[36m</div>\u001b[39m\n                \u001b[36m<button\u001b[39m\n                  \u001b[33mclass\u001b[39m=\u001b[32m\"w-full group py-4 bg-primary text-primary-foreground font-semibold rounded-xl flex items-center justify-center space-x-2 shadow-lg shadow-primary/30 hover:shadow-primary/50 hover:scale-[1.02] active:scale-[0.98] transition-all duration-300 disabled:opacity-50 disabled:cursor-not-allowed disabled:hover:scale-100 disabled:hover:shadow-none\"\u001b[39m\n                  \u001b[33mtype\u001b[39m=\u001b[32m\"submit\"\u001b[39m\n                \u001b[36m>\u001b[39m\n                  \u001b[36m<span>\u001b[39m\n                    \u001b[0mJoin Room\u001b[0m\n                  \u001b[36m</span>\u001b[39m\n                  \u001b[36m<svg\u001b[39m\n                    \u001b[33mclass\u001b[39m=\u001b[32m\"group-hover:translate-x-1 transition-transform\"\u001b[39m\n                    \u001b[33mfill\u001b[39m=\u001b[32m\"none\"\u001b[39m\n                    \u001b[33mheight\u001b[39m=\u001b[32m\"1em\"\u001b[39m\n                    \u001b[33mstroke\u001b[39m=\u001b[32m\"currentColor\"\u001b[39m\n                    \u001b[33mstroke-linecap\u001b[39m=\u001b[32m\"round\"\u001b[39m\n                    \u001b[33mstroke-linejoin\u001b[39m=\u001b[32m\"round\"\u001b[39m\n                    \u001b[33mstroke-width\u001b[39m=\u001b[32m\"2\"\u001b[39m\n                    \u001b[33mviewBox\u001b[39m=\u001b[32m\"0 0 24 24\"\u001b[39m\n                    \u001b[33mwidth\u001b[39m=\u001b[32m\"1em\"\u001b[39m\n                    \u001b[33mxmlns\u001b[39m=\u001b[32m\"http://www.w3.org/2000/svg\"\u001b[39m\n                  \u001b[36m>\u001b[39m\n                    \u001b[36m<line\u001b[39m\n                      \u001b[33mx1\u001b[39m=\u001b[32m\"5\"\u001b[39m\n                      \u001b[33mx2\u001b[39m=\u001b[32m\"19\"\u001b[39m\n                      \u001b[33my1\u001b[39m=\u001b[32m\"12\"\u001b[39m\n                      \u001b[33my2\u001b[39m=\u001b[32m\"12\"\u001b[39m\n                    \u001b[36m/>\u001b[39m\n                    \u001b[36m<polyline\u001b[39m\n                      \u001b[33mpoints\u001b[39m=\u001b[32m\"12 5 19 12 12 19\"\u001b[39m\n                    \u001b[36m/>\u001b[39m\n                  \u001b[36m</svg>\u001b[39m\n                \u001b[36m</button>\u001b[39m\n              \u001b[36m</form>\u001b[39m\n            \u001b[36m</div>\u001b[39m\n          \u001b[36m</div>\u001b[39m\n        \u001b[36m</div>\u001b[39m\n      \u001b[36m</div>\u001b[39m\n    \u001b[36m</body>\u001b[39m\n\n    \u001b[0m \u001b[90m 259 |\u001b[39m\n     \u001b[90m 260 |\u001b[39m     \u001b[90m// Expect speedometer elements to load in the local video card view\u001b[39m\n    \u001b[31m\u001b[1m>\u001b[22m\u001b[39m\u001b[90m 261 |\u001b[39m     \u001b[36mawait\u001b[39m waitFor(() \u001b[33m=>\u001b[39m {\n     \u001b[90m     |\u001b[39m                  \u001b[31m\u001b[1m^\u001b[22m\u001b[39m\n     \u001b[90m 262 |\u001b[39m       expect(screen\u001b[33m.\u001b[39mgetByTestId(\u001b[32m'telemetry-local'\u001b[39m))\u001b[33m.\u001b[39mtoBeInTheDocument()\u001b[33m;\u001b[39m\n     \u001b[90m 263 |\u001b[39m     })\u001b[33m;\u001b[39m\n     \u001b[90m 264 |\u001b[39m\u001b[0m\n\n      at waitForWrapper (C:\\Users\\oomka\\OneDrive\\Desktop\\New folder (2)../../../../../../linkup/node_modules/@testing-library/dom/dist/wait-for.js:163:27)\n      at Object.<anonymous> (C:\\Users\\oomka\\OneDrive\\Desktop\\New folder (2)../../../../../../linkup/__tests__/webrtc-advanced.test.tsx:261:18)\n","name":"C:\\Users\\oomka\\OneDrive\\Desktop\\New folder (2)\\linkup\\__tests__\\webrtc-advanced.test.tsx","startTime":1779044417255,"status":"failed","summary":""},{"assertionResults":[],"coverage":{},"endTime":1779044436770,"message":"  ● Test suite failed to run\n\n    Playwright Test needs to be invoked via 'npx playwright test' and excluded from Jest test runs.\n    Creating one directory for Playwright tests and one for Jest is the recommended way of doing it.\n    See https://playwright.dev/docs/intro for more information about Playwright Test.\n\n    \u001b[0m \u001b[90m 117 |\u001b[39m \u001b[90m// TEST SUITE A: HOST ADMITS GUEST\u001b[39m\n     \u001b[90m 118 |\u001b[39m \u001b[90m// ─────────────────────────────────────────────────────────────────────────────\u001b[39m\n    \u001b[31m\u001b[1m>\u001b[22m\u001b[39m\u001b[90m 119 |\u001b[39m test\u001b[33m.\u001b[39mdescribe(\u001b[32m'Lobby — Host ADMITS guest'\u001b[39m\u001b[33m,\u001b[39m () \u001b[33m=>\u001b[39m {\n     \u001b[90m     |\u001b[39m      \u001b[31m\u001b[1m^\u001b[22m\u001b[39m\n     \u001b[90m 120 |\u001b[39m\n     \u001b[90m 121 |\u001b[39m   test(\u001b[32m'Guest enters lobby → Host sees notification → Host admits → Guest joins room'\u001b[39m\u001b[33m,\u001b[39m \u001b[36masync\u001b[39m ({ request\u001b[33m,\u001b[39m browser }) \u001b[33m=>\u001b[39m {\n     \u001b[90m 122 |\u001b[39m\u001b[0m\n\n      at throwIfRunningInsideJest (C:\\Users\\oomka\\OneDrive\\Desktop\\New folder (2)../../../../../../linkup/node_modules/playwright/lib/common/index.js:2428:11)\n      at _TestTypeImpl._describe (C:\\Users\\oomka\\OneDrive\\Desktop\\New folder (2)../../../../../../linkup/node_modules/playwright/lib/common/index.js:2260:5)\n      at Function.describe (C:\\Users\\oomka\\OneDrive\\Desktop\\New folder (2)../../../../../../linkup/node_modules/playwright/lib/common/index.js:1111:12)\n      at Object.describe (C:\\Users\\oomka\\OneDrive\\Desktop\\New folder (2)../../../../../../linkup/e2e/lobby-admission.spec.js:119:6)\n","name":"C:\\Users\\oomka\\OneDrive\\Desktop\\New folder (2)\\linkup\\e2e\\lobby-admission.spec.js","startTime":1779044436770,"status":"failed","summary":""},{"assertionResults":[{"ancestorTitles":["LinkUp Phase 3 Production Features & SEO","System Diagnostics FAQ Dashboard"],"duration":27,"failing":false,"failureDetails":[],"failureMessages":[],"fullName":"LinkUp Phase 3 Production Features & SEO System Diagnostics FAQ Dashboard renders Help & Diagnostics elements correctly","invocations":1,"location":null,"numPassingAsserts":6,"retryReasons":[],"startAt":1779044424606,"status":"passed","title":"renders Help & Diagnostics elements correctly"},{"ancestorTitles":["LinkUp Phase 3 Production Features & SEO","System Diagnostics FAQ Dashboard"],"duration":118,"failing":false,"failureDetails":[],"failureMessages":[],"fullName":"LinkUp Phase 3 Production Features & SEO System Diagnostics FAQ Dashboard toggles visual FAQ item answers upon clicking headers","invocations":1,"location":null,"numPassingAsserts":3,"retryReasons":[],"startAt":1779044424634,"status":"passed","title":"toggles visual FAQ item answers upon clicking headers"},{"ancestorTitles":["LinkUp Phase 3 Production Features & SEO","System Diagnostics FAQ Dashboard"],"duration":4820,"failing":false,"failureDetails":[],"failureMessages":[],"fullName":"LinkUp Phase 3 Production Features & SEO System Diagnostics FAQ Dashboard completes full systems diagnostics sequence successfully","invocations":1,"location":null,"numPassingAsserts":86,"retryReasons":[],"startAt":1779044424752,"status":"passed","title":"completes full systems diagnostics sequence successfully"},{"ancestorTitles":["LinkUp Phase 3 Production Features & SEO","Dynamic SEO Configuration Elements"],"duration":1,"failing":false,"failureDetails":[],"failureMessages":[],"fullName":"LinkUp Phase 3 Production Features & SEO Dynamic SEO Configuration Elements returns correct sitemap URLs and metadata prioritizations","invocations":1,"location":null,"numPassingAsserts":5,"retryReasons":[],"startAt":1779044429572,"status":"passed","title":"returns correct sitemap URLs and metadata prioritizations"},{"ancestorTitles":["LinkUp Phase 3 Production Features & SEO","Dynamic SEO Configuration Elements"],"duration":2,"failing":false,"failureDetails":[],"failureMessages":[],"fullName":"LinkUp Phase 3 Production Features & SEO Dynamic SEO Configuration Elements declares strict robots crawl patterns blocking private pathways","invocations":1,"location":null,"numPassingAsserts":4,"retryReasons":[],"startAt":1779044429574,"status":"passed","title":"declares strict robots crawl patterns blocking private pathways"}],"endTime":1779044429577,"message":"","name":"C:\\Users\\oomka\\OneDrive\\Desktop\\New folder (2)\\linkup\\__tests__\\features-help-seo.test.tsx","startTime":1779044424064,"status":"passed","summary":""},{"assertionResults":[{"ancestorTitles":["LinkUp Advanced Features - Waiting Room, Hand Raise, Reactions & Expiry"],"duration":275,"failing":false,"failureDetails":[],"failureMessages":[],"fullName":"LinkUp Advanced Features - Waiting Room, Hand Raise, Reactions & Expiry verifies lobby waiting room flow for guests and host admission","invocations":1,"location":null,"numPassingAsserts":5,"retryReasons":[],"startAt":1779044429885,"status":"passed","title":"verifies lobby waiting room flow for guests and host admission"},{"ancestorTitles":["LinkUp Advanced Features - Waiting Room, Hand Raise, Reactions & Expiry"],"duration":182,"failing":false,"failureDetails":[],"failureMessages":[],"fullName":"LinkUp Advanced Features - Waiting Room, Hand Raise, Reactions & Expiry verifies host can view pending guests and approve them in the lobby","invocations":1,"location":null,"numPassingAsserts":6,"retryReasons":[],"startAt":1779044430160,"status":"passed","title":"verifies host can view pending guests and approve them in the lobby"},{"ancestorTitles":["LinkUp Advanced Features - Waiting Room, Hand Raise, Reactions & Expiry"],"duration":147,"failing":false,"failureDetails":[],"failureMessages":[],"fullName":"LinkUp Advanced Features - Waiting Room, Hand Raise, Reactions & Expiry triggers local hand raise toggle status and displays it on video grids","invocations":1,"location":null,"numPassingAsserts":4,"retryReasons":[],"startAt":1779044430343,"status":"passed","title":"triggers local hand raise toggle status and displays it on video grids"},{"ancestorTitles":["LinkUp Advanced Features - Waiting Room, Hand Raise, Reactions & Expiry"],"duration":147,"failing":false,"failureDetails":[],"failureMessages":[],"fullName":"LinkUp Advanced Features - Waiting Room, Hand Raise, Reactions & Expiry verifies reaction selection emits to socket and renders on float layer HUD","invocations":1,"location":null,"numPassingAsserts":5,"retryReasons":[],"startAt":1779044430490,"status":"passed","title":"verifies reaction selection emits to socket and renders on float layer HUD"},{"ancestorTitles":["LinkUp Advanced Features - Waiting Room, Hand Raise, Reactions & Expiry"],"duration":117,"failing":false,"failureDetails":[],"failureMessages":[],"fullName":"LinkUp Advanced Features - Waiting Room, Hand Raise, Reactions & Expiry evicts participants instantly when the countdown timer hits 0","invocations":1,"location":null,"numPassingAsserts":3,"retryReasons":[],"startAt":1779044430637,"status":"passed","title":"evicts participants instantly when the countdown timer hits 0"}],"endTime":1779044430754,"message":"","name":"C:\\Users\\oomka\\OneDrive\\Desktop\\New folder (2)\\linkup\\__tests__\\features-advanced.test.tsx","startTime":1779044429596,"status":"passed","summary":""},{"assertionResults":[{"ancestorTitles":["Chat Integration Test Suite"],"duration":349,"failing":false,"failureDetails":[],"failureMessages":[],"fullName":"Chat Integration Test Suite opens chat panel when chat toggle button is clicked","invocations":1,"location":null,"numPassingAsserts":2,"retryReasons":[],"startAt":1779044432338,"status":"passed","title":"opens chat panel when chat toggle button is clicked"},{"ancestorTitles":["Chat Integration Test Suite"],"duration":286,"failing":false,"failureDetails":[],"failureMessages":[],"fullName":"Chat Integration Test Suite sends a chat message via socket when submitting the form","invocations":1,"location":null,"numPassingAsserts":4,"retryReasons":[],"startAt":1779044432687,"status":"passed","title":"sends a chat message via socket when submitting the form"},{"ancestorTitles":["Chat Integration Test Suite"],"duration":172,"failing":false,"failureDetails":[],"failureMessages":[],"fullName":"Chat Integration Test Suite displays incoming chat messages from other peers","invocations":1,"location":null,"numPassingAsserts":4,"retryReasons":[],"startAt":1779044432976,"status":"passed","title":"displays incoming chat messages from other peers"},{"ancestorTitles":["Chat Integration Test Suite"],"duration":329,"failing":false,"failureDetails":[],"failureMessages":[],"fullName":"Chat Integration Test Suite displays system notification when a peer joins","invocations":1,"location":null,"numPassingAsserts":2,"retryReasons":[],"startAt":1779044433149,"status":"passed","title":"displays system notification when a peer joins"}],"endTime":1779044433482,"message":"","name":"C:\\Users\\oomka\\OneDrive\\Desktop\\New folder (2)\\linkup\\__tests__\\chat.test.tsx","startTime":1779044431021,"status":"passed","summary":""},{"assertionResults":[{"ancestorTitles":["Rooms API Endpoints","POST /api/rooms/create"],"duration":9,"failing":false,"failureDetails":[],"failureMessages":[],"fullName":"Rooms API Endpoints POST /api/rooms/create creates a new room and returns its details","invocations":1,"location":null,"numPassingAsserts":4,"retryReasons":[],"startAt":1779044434016,"status":"passed","title":"creates a new room and returns its details"},{"ancestorTitles":["Rooms API Endpoints","GET /api/rooms/[id]"],"duration":2,"failing":false,"failureDetails":[],"failureMessages":[],"fullName":"Rooms API Endpoints GET /api/rooms/[id] returns a 404 if the room does not exist","invocations":1,"location":null,"numPassingAsserts":3,"retryReasons":[],"startAt":1779044434025,"status":"passed","title":"returns a 404 if the room does not exist"},{"ancestorTitles":["Rooms API Endpoints","GET /api/rooms/[id]"],"duration":1,"failing":false,"failureDetails":[],"failureMessages":[],"fullName":"Rooms API Endpoints GET /api/rooms/[id] returns room details if the room is found and not expired","invocations":1,"location":null,"numPassingAsserts":4,"retryReasons":[],"startAt":1779044434027,"status":"passed","title":"returns room details if the room is found and not expired"}],"endTime":1779044434030,"message":"","name":"C:\\Users\\oomka\\OneDrive\\Desktop\\New folder (2)\\linkup\\__tests__\\api\\rooms.test.ts","startTime":1779044433687,"status":"passed","summary":""},{"assertionResults":[{"ancestorTitles":["LinkUp Feature Tests - Collaborative Whiteboard & Chat File Sharing"],"duration":258,"failing":false,"failureDetails":[],"failureMessages":[],"fullName":"LinkUp Feature Tests - Collaborative Whiteboard & Chat File Sharing verifies whiteboard toggle layout shifts remote videos to a compressed ribbon strip","invocations":1,"location":null,"numPassingAsserts":6,"retryReasons":[],"startAt":1779044434657,"status":"passed","title":"verifies whiteboard toggle layout shifts remote videos to a compressed ribbon strip"},{"ancestorTitles":["LinkUp Feature Tests - Collaborative Whiteboard & Chat File Sharing"],"duration":123,"failing":false,"failureDetails":[],"failureMessages":[],"fullName":"LinkUp Feature Tests - Collaborative Whiteboard & Chat File Sharing prohibits guest from toggling whiteboard directly unless already shared","invocations":1,"location":null,"numPassingAsserts":3,"retryReasons":[],"startAt":1779044434916,"status":"passed","title":"prohibits guest from toggling whiteboard directly unless already shared"},{"ancestorTitles":["LinkUp Feature Tests - Collaborative Whiteboard & Chat File Sharing"],"duration":183,"failing":false,"failureDetails":[],"failureMessages":[],"fullName":"LinkUp Feature Tests - Collaborative Whiteboard & Chat File Sharing validates host lock state on guests and displays drawing disabled banner overlay","invocations":1,"location":null,"numPassingAsserts":3,"retryReasons":[],"startAt":1779044435039,"status":"passed","title":"validates host lock state on guests and displays drawing disabled banner overlay"},{"ancestorTitles":["LinkUp Feature Tests - Collaborative Whiteboard & Chat File Sharing"],"duration":353,"failing":false,"failureDetails":[],"failureMessages":[],"fullName":"LinkUp Feature Tests - Collaborative Whiteboard & Chat File Sharing verifies chat file sharing drag-and-drop triggers, uploads file, and sends file messages","invocations":1,"location":null,"numPassingAsserts":9,"retryReasons":[],"startAt":1779044435223,"status":"passed","title":"verifies chat file sharing drag-and-drop triggers, uploads file, and sends file messages"}],"endTime":1779044435577,"message":"","name":"C:\\Users\\oomka\\OneDrive\\Desktop\\New folder (2)\\linkup\\__tests__\\features-canvas-files.test.tsx","startTime":1779044434349,"status":"passed","summary":""},{"assertionResults":[{"ancestorTitles":["WebRTC Mesh Signaling and Dynamic Connection State Test Suite"],"duration":233,"failing":false,"failureDetails":[],"failureMessages":[],"fullName":"WebRTC Mesh Signaling and Dynamic Connection State Test Suite correctly sets up local media stream and socket connection when joining","invocations":1,"location":null,"numPassingAsserts":3,"retryReasons":[],"startAt":1779044436506,"status":"passed","title":"correctly sets up local media stream and socket connection when joining"}],"endTime":1779044436740,"message":"","name":"C:\\Users\\oomka\\OneDrive\\Desktop\\New folder (2)\\linkup\\__tests__\\webrtc.test.tsx","startTime":1779044435903,"status":"passed","summary":""}],"wasInterrupted":false}
